2023-08-20 10:22:51 [scrapy] DEBUG: Crawled (200) <GET https://www.google.com/search?q=ps5&hl=en&gl=DK&start=0> (referer: None)
2023-08-20 10:22:52 [scrapy] DEBUG: Scraped from <200 https://www.google.com/search?q=ps5&hl=en&gl=DK&start=0>
{'country': 'DK',
 'keyword': 'ps5',
 'position': 1,
 'price': '3.799,00\xa0kr.',
 'product_url': 'https://www.elgiganten.dk/product/gaming/spillekonsol-tilbehor/playstation/playstation-spillekonsol/playstation-5-2022/533978',
 'title': 'PlayStation 5 (2022)',
 'url': 'elgiganten.dk'}
2023-08-20 10:22:52 [scrapy] DEBUG: Scraped from <200 https://www.google.com/search?q=ps5&hl=en&gl=DK&start=0>
{'country': 'DK',
 'keyword': 'ps5',
 'position': 2,
 'price': '3.789,00\xa0kr.',
 'product_url': 'https://www.bilka.dk/produkter/ps5-standard-konsol/200169033/',
 'title': 'PS5 Standard Konsol',
 'url': 'bilka.dk'}
2023-08-20 10:22:52 [scrapy] DEBUG: Scraped from <200 https://www.google.com/search?q=ps5&hl=en&gl=DK&start=0>
{'country': 'DK',
 'keyword': 'ps5',
 'position': 3,
 'price': '3.789,00\xa0kr.',
 'product_url': 'https://www.power.dk/gaming-og-underholdning/playstation/playstation-konsoller/playstation-5/p-1840111/',
 'title': 'PLAYSTATION 5',
 'url': 'power.dk'}
2023-08-20 10:22:52 [scrapy] DEBUG: Scraped from <200 https://www.google.com/search?q=ps5&hl=en&gl=DK&start=0>
{'country': 'DK',
 'keyword': 'ps5',
 'position': 4,
 'price': '3.789,00\xa0kr.',
 'product_url': 'https://www.avxperten.dk/playstation/sony-playstation-5-ultra-hd-drev-825gb-fifa-2023.asp',
 'title': 'Sony PlayStation 5 m/Ultra HD drev + FIFA 2023',
 'url': 'avxperten.dk'}
2023-08-20 10:22:52 [scrapy] DEBUG: Scraped from <200 https://www.google.com/search?q=ps5&hl=en&gl=DK&start=0>
{'country': 'DK',
 'keyword': 'ps5',
 'position': 5,
 'price': '3.789,00\xa0kr.',
 'product_url': 'https://www.komplett.dk/product/1111557/gaming/playstation/playstation-5-disc-edition-ps5?channable=0095b76964003131313135353727',
 'title': 'PlayStation 5 Disc Edition / PS5',
 'url': 'komplett.dk'}
2023-08-20 10:22:52 [scrapy] INFO: Closing spider (finished)
2023-08-20 10:22:52 [scrapy] INFO: Dumping Scrapy stats:
{'downloader/request_bytes': 416,
 'downloader/request_count': 1,
 'downloader/request_method_count/GET': 1,
 'downloader/response_bytes': 171597,
 'downloader/response_count': 1,
 'downloader/response_status_count/200': 1,
 'elapsed_time_seconds': 4.432583,
 'finish_reason': 'finished',
 'finish_time': datetime.datetime(2023, 8, 20, 5, 22, 52, 936789),
 'httpcompression/response_bytes': 632086,
 'httpcompression/response_count': 1,
 'item_scraped_count': 5,
 'log_count/DEBUG': 6,
 'log_count/INFO': 8,
 'response_received_count': 1,
 'scheduler/dequeued': 1,
 'scheduler/dequeued/memory': 1,
 'scheduler/enqueued': 1,
 'scheduler/enqueued/memory': 1,
 'start_time': datetime.datetime(2023, 8, 20, 5, 22, 48, 504206)}
2023-08-20 10:22:52 [scrapy] INFO: Spider closed (finished)
