2023-08-18 13:25:33 [scrapy] DEBUG: Crawled (200) <GET https://www.google.com/search?q=playstation+5&hl=en&gl=DK&start=0> (referer: None)
2023-08-18 13:25:33 [scrapy] DEBUG: Crawled (200) <GET https://www.google.com/search?q=iphone+14&hl=en&gl=DK&start=0> (referer: None)
2023-08-18 13:25:34 [scrapy] DEBUG: Scraped from <200 https://www.google.com/search?q=playstation+5&hl=en&gl=DK&start=0>
{'country': 'DK',
 'keyword': 'playstation 5',
 'position': 1,
 'price': '2.999,00\xa0kr.',
 'product_url': 'https://www.telia.dk/shop/playstation/sony-playstation-5-23-bundle-med-abonnement/#/white/0-gb',
 'title': 'Sony PlayStation 5 med abonnement. Min.pris: 4.802,00kr. 6 mdr. '
          'binding',
 'url': 'telia.dk'}
2023-08-18 13:25:34 [scrapy] DEBUG: Scraped from <200 https://www.google.com/search?q=playstation+5&hl=en&gl=DK&start=0>
{'country': 'DK',
 'keyword': 'playstation 5',
 'position': 2,
 'price': '3.799,00\xa0kr.',
 'product_url': 'https://www.elgiganten.dk/product/gaming/spillekonsol-tilbehor/playstation/playstation-spillekonsol/playstation-5-2022/533978',
 'title': 'PlayStation 5 (2022)',
 'url': 'elgiganten.dk'}
2023-08-18 13:25:34 [scrapy] DEBUG: Scraped from <200 https://www.google.com/search?q=playstation+5&hl=en&gl=DK&start=0>
{'country': 'DK',
 'keyword': 'playstation 5',
 'position': 3,
 'price': '3.790,00\xa0kr.',
 'product_url': 'https://www.proshop.dk/Spillekonsol/Sony-PlayStation-5-Nordic/2831713?utm_source=google&utm_medium=cpc&utm_campaign=searchengine',
 'title': 'Sony PlayStation 5 (Nordic)',
 'url': 'proshop.dk'}
2023-08-18 13:25:34 [scrapy] DEBUG: Scraped from <200 https://www.google.com/search?q=playstation+5&hl=en&gl=DK&start=0>
{'country': 'DK',
 'keyword': 'playstation 5',
 'position': 4,
 'price': '3.789,00\xa0kr.',
 'product_url': 'https://www.bilka.dk/produkter/ps5-standard-konsol/200169033/',
 'title': 'PS5 Standard Konsol',
 'url': 'bilka.dk'}
2023-08-18 13:25:34 [scrapy] DEBUG: Scraped from <200 https://www.google.com/search?q=playstation+5&hl=en&gl=DK&start=0>
{'country': 'DK',
 'keyword': 'playstation 5',
 'position': 5,
 'price': '3.491,00\xa0kr.',
 'product_url': 'https://www.elgiganten.dk/product/outlet/playstation-5-digital-edition-2022/543411',
 'title': 'PlayStation 5 Digital Edition (2022)',
 'url': 'elgiganten.dk'}
2023-08-18 13:25:35 [scrapy] DEBUG: Scraped from <200 https://www.google.com/search?q=playstation+5&hl=en&gl=DK&start=0>
{'country': 'DK',
 'keyword': 'playstation 5',
 'position': 6,
 'price': '4.999,00\xa0kr.',
 'product_url': 'https://www.elgiganten.dk/product/gaming/spillekonsol-tilbehor/playstation/playstation-spillekonsol/playstation-5-2x-dualsense-controller-pakke/581993',
 'title': 'PlayStation 5 + 2x DualSense controller-pakke',
 'url': 'elgiganten.dk'}
2023-08-18 13:25:35 [scrapy] DEBUG: Scraped from <200 https://www.google.com/search?q=playstation+5&hl=en&gl=DK&start=0>
{'country': 'DK',
 'keyword': 'playstation 5',
 'position': 7,
 'price': '3.690,00\xa0kr.',
 'product_url': 'https://www.proshop.dk/Spillekonsol/Sony-5-Digital-Edition-Nordic/3033825?utm_source=google&utm_medium=cpc&utm_campaign=searchengine',
 'title': 'Sony 5 - Digital Edition (Nordic)',
 'url': 'proshop.dk'}
2023-08-18 13:25:35 [scrapy] DEBUG: Scraped from <200 https://www.google.com/search?q=playstation+5&hl=en&gl=DK&start=0>
{'country': 'DK',
 'keyword': 'playstation 5',
 'position': 8,
 'price': '3.990,00\xa0kr.',
 'product_url': 'https://www.foetex.dk/produkter/ps5-standard-konsol/200169033/',
 'title': 'PS5 Standard Konsol',
 'url': 'foetex.dk'}
2023-08-18 13:25:35 [scrapy] DEBUG: Crawled (200) <GET https://www.google.com/search?q=macbook+air&hl=en&gl=DK&start=0> (referer: None)
2023-08-18 13:25:35 [scrapy] DEBUG: Scraped from <200 https://www.google.com/search?q=playstation+5&hl=en&gl=DK&start=0>
{'country': 'DK',
 'keyword': 'playstation 5',
 'position': 9,
 'price': '3.789,00\xa0kr.',
 'product_url': 'https://www.komplett.dk/product/1111557/gaming/playstation/playstation-5-disc-edition-ps5?channable=0095b76964003131313135353727',
 'title': 'PlayStation 5 Disc Edition / PS5',
 'url': 'komplett.dk'}
2023-08-18 13:25:35 [scrapy] DEBUG: Scraped from <200 https://www.google.com/search?q=playstation+5&hl=en&gl=DK&start=0>
{'country': 'DK',
 'keyword': 'playstation 5',
 'position': 10,
 'price': '3.789,00\xa0kr.',
 'product_url': 'https://www.power.dk/gaming-og-underholdning/playstation/playstation-konsoller/playstation-5/p-1840111/',
 'title': 'PLAYSTATION 5',
 'url': 'power.dk'}
2023-08-18 13:25:35 [scrapy] DEBUG: Crawled (200) <GET https://www.google.com/search?q=iphone+13&hl=en&gl=DK&start=0> (referer: None)
2023-08-18 13:25:35 [scrapy] DEBUG: Scraped from <200 https://www.google.com/search?q=playstation+5&hl=en&gl=DK&start=0>
{'country': 'DK',
 'keyword': 'playstation 5',
 'position': 11,
 'price': '5.599,00\xa0kr.',
 'product_url': 'https://www.elgiganten.dk/product/gaming/spillekonsol-tilbehor/playstation/playstation-spillekonsol/playstation-5-marvel-s-spider-man-2-limited-edition-pakke/645207',
 'title': 'PlayStation 5 + Marvel s Spider-Man 2 Limited Edition pakke',
 'url': 'elgiganten.dk'}
2023-08-18 13:25:36 [scrapy] DEBUG: Scraped from <200 https://www.google.com/search?q=playstation+5&hl=en&gl=DK&start=0>
{'country': 'DK',
 'keyword': 'playstation 5',
 'position': 12,
 'price': '3.789,00\xa0kr.',
 'product_url': 'https://www.avxperten.dk/playstation/sony-playstation-5-ultra-hd-drev-825gb-fifa-2023.asp',
 'title': 'Sony PlayStation 5 m/Ultra HD drev + FIFA 2023',
 'url': 'avxperten.dk'}
2023-08-18 13:25:36 [scrapy] DEBUG: Scraped from <200 https://www.google.com/search?q=playstation+5&hl=en&gl=DK&start=0>
{'country': 'DK',
 'keyword': 'playstation 5',
 'position': 13,
 'price': '4.610,00\xa0kr.',
 'product_url': 'https://www.elgiganten.dk/product/outlet/playstation-5-god-of-war-ragnarok-pakke/575375',
 'title': 'PlayStation 5 + God of War Ragnarök pakke',
 'url': 'elgiganten.dk'}
2023-08-18 13:25:36 [scrapy] DEBUG: Scraped from <200 https://www.google.com/search?q=playstation+5&hl=en&gl=DK&start=0>
{'country': 'DK',
 'keyword': 'playstation 5',
 'position': 14,
 'price': '3.799,00\xa0kr.',
 'product_url': 'https://cdon.dk/hjemme-elektronik/sony-playstation-5-standard-ps5-825gb-p54876367',
 'title': 'Sony Playstation 5 Standard - (PS5) 825GB - Consoles',
 'url': 'cdon.dk'}
2023-08-18 13:25:36 [scrapy] DEBUG: Scraped from <200 https://www.google.com/search?q=playstation+5&hl=en&gl=DK&start=0>
{'country': 'DK',
 'keyword': 'playstation 5',
 'position': 15,
 'price': '4.990,00\xa0kr.',
 'product_url': 'https://www.proshop.dk/Spillekonsol/Sony-PlayStation-5-Standard-1-Extra-DualSense/3158997?utm_source=google&utm_medium=cpc&utm_campaign=searchengine',
 'title': 'Sony PlayStation 5 Standard + 1 Extra DualSense',
 'url': 'proshop.dk'}
2023-08-18 13:25:36 [scrapy] DEBUG: Scraped from <200 https://www.google.com/search?q=playstation+5&hl=en&gl=DK&start=0>
{'country': 'DK',
 'keyword': 'playstation 5',
 'position': 16,
 'price': '3.990,00\xa0kr.',
 'product_url': 'https://www.br.dk/produkter/ps5-standard-konsol/200169033/',
 'title': 'PS5 Standard Konsol',
 'url': 'br.dk'}
2023-08-18 13:25:36 [scrapy] DEBUG: Scraped from <200 https://www.google.com/search?q=playstation+5&hl=en&gl=DK&start=0>
{'country': 'DK',
 'keyword': 'playstation 5',
 'position': 17,
 'price': '369,00\xa0kr.',
 'product_url': 'https://www.proshop.dk/Spil-tilbehoer/Sony-PlayStation-5-Dualsense-White-Gamepad-Sony-Playstation-5/2974488?utm_source=google&utm_medium=cpc&utm_campaign=searchengine',
 'title': 'Sony PlayStation 5 Dualsense - White - Gamepad - Sony Playstation 5',
 'url': 'proshop.dk'}
2023-08-18 13:25:36 [scrapy] DEBUG: Scraped from <200 https://www.google.com/search?q=playstation+5&hl=en&gl=DK&start=0>
{'country': 'DK',
 'keyword': 'playstation 5',
 'position': 18,
 'price': '4.699,00\xa0kr.',
 'product_url': 'https://www.bilka.dk/produkter/ps5-digital-konsol-inkl-2-x-hvid-dualsense/200183009/',
 'title': 'PS5 Digital Konsol inkl. 2 x hvid Dualsense',
 'url': 'bilka.dk'}
2023-08-18 13:25:37 [scrapy] DEBUG: Scraped from <200 https://www.google.com/search?q=playstation+5&hl=en&gl=DK&start=0>
{'country': 'DK',
 'keyword': 'playstation 5',
 'position': 19,
 'price': '399,00\xa0kr.',
 'product_url': 'https://www.telia.dk/shop/accessories/ps5-dualsense-wireless-controller/#/hvid',
 'title': 'PS5 DualSense Wireless Controller',
 'url': 'telia.dk'}
2023-08-18 13:25:37 [scrapy] DEBUG: Scraped from <200 https://www.google.com/search?q=playstation+5&hl=en&gl=DK&start=0>
{'country': 'DK',
 'keyword': 'playstation 5',
 'position': 20,
 'price': '4.899,00\xa0kr.',
 'product_url': 'https://www.boligcenter.dk/elektronik/gaming/konsoller/playstation-5-sony-hogwarts-legacy-825-gb-ssd',
 'title': 'PlayStation 5 Sony Hogwarts Legacy 825 GB SSD',
 'url': 'boligcenter.dk'}
2023-08-18 13:25:37 [scrapy] DEBUG: Scraped from <200 https://www.google.com/search?q=playstation+5&hl=en&gl=DK&start=0>
{'country': 'DK',
 'keyword': 'playstation 5',
 'position': 21,
 'price': '5.849,00\xa0kr.',
 'product_url': 'https://geekd.dk/products/playstation-5-console-fifa-23-bundle?variant=43375270920429&currency=DKK&utm_medium=product_sync&utm_source=google&utm_content=sag_organic&utm_campaign=sag_organic',
 'title': 'PlayStation 5 Console – FIFA 23 Bundle - Fri fragt over 899,- hos '
          'Geekd',
 'url': 'geekd.dk'}
2023-08-18 13:25:37 [scrapy] DEBUG: Scraped from <200 https://www.google.com/search?q=playstation+5&hl=en&gl=DK&start=0>
{'country': 'DK',
 'keyword': 'playstation 5',
 'position': 22,
 'price': '3.689,00\xa0kr.',
 'product_url': 'https://www.avxperten.dk/playstation/sony-playstation-5-digital-edition-825gb.asp',
 'title': 'Sony Playstation 5 Digital Edition (825GB)',
 'url': 'avxperten.dk'}
2023-08-18 13:25:37 [scrapy] DEBUG: Scraped from <200 https://www.google.com/search?q=playstation+5&hl=en&gl=DK&start=0>
{'country': 'DK',
 'keyword': 'playstation 5',
 'position': 23,
 'price': '4.097,00\xa0kr.',
 'product_url': 'https://compumail.dk/da/p/sony-playstation-5-825gb-996559026',
 'title': 'Sony PlayStation 5 825GB',
 'url': 'compumail.dk'}
2023-08-18 13:25:37 [scrapy] DEBUG: Scraped from <200 https://www.google.com/search?q=playstation+5&hl=en&gl=DK&start=0>
{'country': 'DK',
 'keyword': 'playstation 5',
 'position': 24,
 'price': '4.699,00\xa0kr.',
 'product_url': 'https://www.foetex.dk/produkter/ps5-digital-konsol-inkl-2-x-hvid-dualsense/200183009/',
 'title': 'PS5 Digital Konsol inkl. 2 x hvid Dualsense',
 'url': 'foetex.dk'}
2023-08-18 13:25:37 [scrapy] DEBUG: Scraped from <200 https://www.google.com/search?q=playstation+5&hl=en&gl=DK&start=0>
{'country': 'DK',
 'keyword': 'playstation 5',
 'position': 25,
 'price': '3.899,00\xa0kr.',
 'product_url': 'https://www.komplett.dk/product/1161553/gaming/playstation/playstation-5-digital-edition-ps5?channable=0095b76964003131363135353374',
 'title': 'PlayStation 5 Digital Edition / PS5',
 'url': 'komplett.dk'}
2023-08-18 13:25:38 [scrapy] DEBUG: Scraped from <200 https://www.google.com/search?q=playstation+5&hl=en&gl=DK&start=0>
{'country': 'DK',
 'keyword': 'playstation 5',
 'position': 26,
 'price': '5.190,00\xa0kr.',
 'product_url': 'https://www.bilka.dk/produkter/ps5-standard-marvel-s-spider-man-2-edition-inkl-spil/200225022/',
 'title': "PS5 Standard Marvel's Spider-Man 2 Edition inkl. spil",
 'url': 'bilka.dk'}
2023-08-18 13:25:38 [scrapy] DEBUG: Scraped from <200 https://www.google.com/search?q=playstation+5&hl=en&gl=DK&start=0>
{'country': 'DK',
 'keyword': 'playstation 5',
 'position': 27,
 'price': '3.879,00\xa0kr.',
 'product_url': 'https://www.foetex.dk/produkter/playstation-5-digital/200043040/',
 'title': 'PlayStation 5 - Digital',
 'url': 'foetex.dk'}
2023-08-18 13:25:38 [scrapy] DEBUG: Scraped from <200 https://www.google.com/search?q=playstation+5&hl=en&gl=DK&start=0>
{'country': 'DK',
 'keyword': 'playstation 5',
 'position': 28,
 'price': '4.489,00\xa0kr.',
 'product_url': 'https://maxgaming.dk/dk/playstation-5/playstation-5-ps5-digital-edition-god-of-war-ragnarok-bundle',
 'title': 'Sony PlayStation 5 (PS5) Digital Edition - God of War Ragnarök '
          'Bundle',
 'url': 'maxgaming.dk'}
2023-08-18 13:25:38 [scrapy] DEBUG: Scraped from <200 https://www.google.com/search?q=playstation+5&hl=en&gl=DK&start=0>
{'country': 'DK',
 'keyword': 'playstation 5',
 'position': 29,
 'price': '4.199,00\xa0kr.',
 'product_url': 'https://geekd.dk/products/sony-playstation-5-digital-edition-825gb',
 'title': 'Sony PlayStation 5 Digital Edition 825GB - Konsol - GEEKD.dk',
 'url': 'geekd.dk'}
2023-08-18 13:25:38 [scrapy] DEBUG: Scraped from <200 https://www.google.com/search?q=playstation+5&hl=en&gl=DK&start=0>
{'country': 'DK',
 'keyword': 'playstation 5',
 'position': 30,
 'price': None,
 'product_url': None,
 'title': None,
 'url': ''}
2023-08-18 13:25:38 [scrapy] DEBUG: Scraped from <200 https://www.google.com/search?q=iphone+14&hl=en&gl=DK&start=0>
{'country': 'DK',
 'keyword': 'iphone 14',
 'position': 1,
 'price': '5.799,00\xa0kr.',
 'product_url': 'https://www.telia.dk/shop/apple/apple-iphone-14/#/midnight/128-gb/1',
 'title': 'Apple iPhone 14 128GB Midnight. Min.pris: 7.602,00kr. 6 mdr. '
          'binding',
 'url': 'telia.dk'}
2023-08-18 13:25:38 [scrapy] DEBUG: Scraped from <200 https://www.google.com/search?q=iphone+14&hl=en&gl=DK&start=0>
{'country': 'DK',
 'keyword': 'iphone 14',
 'position': 2,
 'price': '9.499,00\xa0kr.',
 'product_url': 'https://www.callme.dk/shop/apple/apple-iphone-14-pro/#/silver/128-gb/1/1',
 'title': 'Apple iPhone 14 Pro 128GB Silver. Mindstepris: 9662.00 kr. (med '
          'abonnement)',
 'url': 'callme.dk'}
2023-08-18 13:25:39 [scrapy] DEBUG: Scraped from <200 https://www.google.com/search?q=iphone+14&hl=en&gl=DK&start=0>
{'country': 'DK',
 'keyword': 'iphone 14',
 'position': 3,
 'price': '7.149,00\xa0kr.',
 'product_url': 'https://www.elgiganten.dk/product/mobil-tablet-smartwatch/mobiltelefon/iphone-14-5g-smartphone-128gb-midnight/522692',
 'title': 'iPhone 14 – 5G smartphone 128GB Midnight',
 'url': 'elgiganten.dk'}
2023-08-18 13:25:39 [scrapy] DEBUG: Scraped from <200 https://www.google.com/search?q=iphone+14&hl=en&gl=DK&start=0>
{'country': 'DK',
 'keyword': 'iphone 14',
 'position': 4,
 'price': '6.399,00\xa0kr.',
 'product_url': 'https://www.power.dk/mobil-og-foto/mobiltelefoner/apple-iphone-14-128-gb-midnat/p-1803962/',
 'title': 'APPLE IPHONE 14 128 GB MIDNAT',
 'url': 'power.dk'}
2023-08-18 13:25:39 [scrapy] DEBUG: Scraped from <200 https://www.google.com/search?q=iphone+14&hl=en&gl=DK&start=0>
{'country': 'DK',
 'keyword': 'iphone 14',
 'position': 5,
 'price': '5.799,00\xa0kr.',
 'product_url': 'https://www.telia.dk/shop/apple/apple-iphone-14/#/blue/128-gb/1',
 'title': 'Apple iPhone 14 128GB Blue.. Min.pris: 7.602,00kr. 6 mdr. binding',
 'url': 'telia.dk'}
2023-08-18 13:25:39 [scrapy] DEBUG: Scraped from <200 https://www.google.com/search?q=iphone+14&hl=en&gl=DK&start=0>
{'country': 'DK',
 'keyword': 'iphone 14',
 'position': 6,
 'price': '5.761,00\xa0kr.',
 'product_url': 'https://yousee.dk/mobil/mobiltelefoner/apple/iphone-14/1468/mobil_80/kontant/',
 'title': 'Apple iPhone 14 128 GB Midnat med abonnementsaftale. Mindstepris '
          '7.075,00 kr.',
 'url': 'yousee.dk'}
2023-08-18 13:25:39 [scrapy] DEBUG: Scraped from <200 https://www.google.com/search?q=iphone+14&hl=en&gl=DK&start=0>
{'country': 'DK',
 'keyword': 'iphone 14',
 'position': 7,
 'price': '5.529,99\xa0kr.',
 'product_url': 'https://www.refurbed.dk/p/iphone-14/?co=dk&utm_cluster=gradeB&utm_content=iphone-14&utm_group=iphone-14',
 'title': 'iPhone 14',
 'url': 'refurbed.dk'}
2023-08-18 13:25:39 [scrapy] DEBUG: Scraped from <200 https://www.google.com/search?q=iphone+14&hl=en&gl=DK&start=0>
{'country': 'DK',
 'keyword': 'iphone 14',
 'position': 8,
 'price': '6.777,00\xa0kr.',
 'product_url': 'https://www.proshop.dk/Mobil/Apple-iPhone-14-5G-128GB-Midnight/3104588?utm_source=google&utm_medium=cpc&utm_campaign=searchengine',
 'title': 'Apple iPhone 14 5G 128GB - Midnight, Mobiltelefon',
 'url': 'proshop.dk'}
2023-08-18 13:25:39 [scrapy] DEBUG: Scraped from <200 https://www.google.com/search?q=iphone+14&hl=en&gl=DK&start=0>
{'country': 'DK',
 'keyword': 'iphone 14',
 'position': 9,
 'price': '6.999,00\xa0kr.',
 'product_url': 'https://www.telia.dk/shop/apple/apple-iphone-14-pro/#/black/128-gb/1',
 'title': 'Apple iPhone 14 Pro 128GB Space Black. Min.pris: 8.802,00kr. 6 mdr. '
          'binding',
 'url': 'telia.dk'}
2023-08-18 13:25:40 [scrapy] DEBUG: Scraped from <200 https://www.google.com/search?q=iphone+14&hl=en&gl=DK&start=0>
{'country': 'DK',
 'keyword': 'iphone 14',
 'position': 10,
 'price': '5.496,00\xa0kr.',
 'product_url': 'https://www.telmore.dk/shop/mobiltelefoner/apple-iphone-14/128gb/sort?cid=_semt_terminal_terminal_Shopping_Shopping_u0617',
 'title': 'Apple iPhone 14 128 GB - Midnight. Mindstepris 7.290,00 kr.',
 'url': 'telmore.dk'}
2023-08-18 13:25:40 [scrapy] DEBUG: Scraped from <200 https://www.google.com/search?q=iphone+14&hl=en&gl=DK&start=0>
{'country': 'DK',
 'keyword': 'iphone 14',
 'position': 11,
 'price': '7.999,00\xa0kr.',
 'product_url': 'https://www.bilka.dk/produkter/iphone-14-pro-128gb-space-black/200162701/',
 'title': 'IPHONE 14 PRO 128GB SPACE BLACK',
 'url': 'bilka.dk'}
2023-08-18 13:25:40 [scrapy] DEBUG: Scraped from <200 https://www.google.com/search?q=iphone+14&hl=en&gl=DK&start=0>
{'country': 'DK',
 'keyword': 'iphone 14',
 'position': 12,
 'price': '5.799,00\xa0kr.',
 'product_url': 'https://www.telia.dk/shop/apple/apple-iphone-14/#/purple/128-gb/1',
 'title': 'Apple iPhone 14 128GB Purple. Min.pris: 7.602,00kr. 6 mdr. binding',
 'url': 'telia.dk'}
2023-08-18 13:25:40 [scrapy] DEBUG: Scraped from <200 https://www.google.com/search?q=iphone+14&hl=en&gl=DK&start=0>
{'country': 'DK',
 'keyword': 'iphone 14',
 'position': 13,
 'price': '6.999,00\xa0kr.',
 'product_url': 'https://www.telia.dk/shop/apple/apple-iphone-14-pro/#/purple/128-gb/1',
 'title': 'Apple iPhone 14 Pro 128GB Deep Purple. Min.pris: 8.802,00kr. 6 mdr. '
          'binding',
 'url': 'telia.dk'}
2023-08-18 13:25:40 [scrapy] DEBUG: Scraped from <200 https://www.google.com/search?q=iphone+14&hl=en&gl=DK&start=0>
{'country': 'DK',
 'keyword': 'iphone 14',
 'position': 14,
 'price': '4.999,00\xa0kr.',
 'product_url': 'https://www.telenor.dk/shop/mobil/apple/iphone-13-128gb-green/?cycleCount=none',
 'title': 'Apple iPhone 13 - 128 GB - Grøn med abonnementsaftale. Mindstepris '
          '6613.00 Kr.',
 'url': 'telenor.dk'}
2023-08-18 13:25:40 [scrapy] DEBUG: Scraped from <200 https://www.google.com/search?q=iphone+14&hl=en&gl=DK&start=0>
{'country': 'DK',
 'keyword': 'iphone 14',
 'position': 15,
 'price': '4.444,00\xa0kr.',
 'product_url': 'https://www.elgiganten.dk/product/mobil-tablet-smartwatch/mobiltelefon/iphone-12-5g-smartphone-64-gb-sort/234550',
 'title': 'iPhone 12 - 5G smartphone 64 GB (sort)',
 'url': 'elgiganten.dk'}
2023-08-18 13:25:42 [scrapy] DEBUG: Scraped from <200 https://www.google.com/search?q=iphone+14&hl=en&gl=DK&start=0>
{'country': 'DK',
 'keyword': 'iphone 14',
 'position': 16,
 'price': '4.300,00\xa0kr.',
 'product_url': 'https://teledele.dk/shop/iphone-14-pro-max-oled-touchskaerm/?attribute_kvalitet=Refurb',
 'title': 'iPhone 14 Pro Max OLED Touchskærm',
 'url': 'teledele.dk'}
2023-08-18 13:25:42 [scrapy] DEBUG: Scraped from <200 https://www.google.com/search?q=iphone+14&hl=en&gl=DK&start=0>
{'country': 'DK',
 'keyword': 'iphone 14',
 'position': 17,
 'price': '6.399,00\xa0kr.',
 'product_url': 'https://www.power.dk/mobil-og-foto/mobiltelefoner/apple-iphone-14-128-gb-stjerneskaer/p-1803963/',
 'title': 'APPLE IPHONE 14 128 GB STJERNESKÆR',
 'url': 'power.dk'}
2023-08-18 13:25:42 [scrapy] DEBUG: Scraped from <200 https://www.google.com/search?q=iphone+14&hl=en&gl=DK&start=0>
{'country': 'DK',
 'keyword': 'iphone 14',
 'position': 18,
 'price': '8.999,00\xa0kr.',
 'product_url': 'https://www.callme.dk/shop/apple/apple-iphone-14/#/blue/512-gb/1/1',
 'title': 'Apple iPhone 14 512GB Blue. Mindstepris: 9162.00 kr. (med '
          'abonnement)',
 'url': 'callme.dk'}
2023-08-18 13:25:42 [scrapy] DEBUG: Retrying <GET https://www.google.com/search?q=ps5&hl=en&gl=DK&start=0> (failed 1 times): [<twisted.python.failure.Failure twisted.internet.error.ConnectionLost: Connection to the other side was lost in a non-clean fashion: Connection lost.>, <twisted.python.failure.Failure twisted.web.http._DataLoss: Chunked decoder in 'BODY' state, still expecting more data to get to 'FINISHED' state.>]
2023-08-18 13:25:42 [scrapy] DEBUG: Scraped from <200 https://www.google.com/search?q=iphone+14&hl=en&gl=DK&start=0>
{'country': 'DK',
 'keyword': 'iphone 14',
 'position': 19,
 'price': '7.999,00\xa0kr.',
 'product_url': 'https://www.elgiganten.dk/product/mobil-tablet-smartwatch/mobiltelefon/iphone-14-pro-5g-smartphone-128-gb-space-black/522700',
 'title': 'iPhone 14 Pro – 5G smartphone 128 GB Space Black',
 'url': 'elgiganten.dk'}
2023-08-18 13:25:43 [scrapy] DEBUG: Scraped from <200 https://www.google.com/search?q=iphone+14&hl=en&gl=DK&start=0>
{'country': 'DK',
 'keyword': 'iphone 14',
 'position': 20,
 'price': '5.496,00\xa0kr.',
 'product_url': 'https://www.telmore.dk/shop/mobiltelefoner/apple-iphone-14/128gb/roed?cid=_semt_terminal_terminal_Shopping_Shopping_u0617',
 'title': 'Apple iPhone 14 128 GB - Product Red. Mindstepris 7.290,00 kr.',
 'url': 'telmore.dk'}
2023-08-18 13:25:43 [scrapy] DEBUG: Scraped from <200 https://www.google.com/search?q=iphone+14&hl=en&gl=DK&start=0>
{'country': 'DK',
 'keyword': 'iphone 14',
 'position': 21,
 'price': '5.496,00\xa0kr.',
 'product_url': 'https://www.telmore.dk/shop/mobiltelefoner/apple-iphone-14/128gb/hvid?cid=_semt_terminal_terminal_Shopping_Shopping_u0617',
 'title': 'Apple iPhone 14 128 GB - Starlight. Mindstepris 7.290,00 kr.',
 'url': 'telmore.dk'}
2023-08-18 13:25:43 [scrapy] DEBUG: Scraped from <200 https://www.google.com/search?q=iphone+14&hl=en&gl=DK&start=0>
{'country': 'DK',
 'keyword': 'iphone 14',
 'position': 22,
 'price': '3.016,99\xa0kr.',
 'product_url': 'https://www.refurbed.dk/p/iphone-12/?co=dk&utm_cluster=gradeA&utm_content=iphone-12&utm_group=iphone-12',
 'title': 'iPhone 12',
 'url': 'refurbed.dk'}
2023-08-18 13:25:43 [scrapy] DEBUG: Scraped from <200 https://www.google.com/search?q=iphone+14&hl=en&gl=DK&start=0>
{'country': 'DK',
 'keyword': 'iphone 14',
 'position': 23,
 'price': '6.648,00\xa0kr.',
 'product_url': 'https://www.elgiganten.dk/product/outlet/iphone-14-5g-smartphone-128gb-lilla/531427',
 'title': 'iPhone 14 – 5G smartphone 128GB lilla',
 'url': 'elgiganten.dk'}
2023-08-18 13:25:43 [scrapy] DEBUG: Scraped from <200 https://www.google.com/search?q=iphone+14&hl=en&gl=DK&start=0>
{'country': 'DK',
 'keyword': 'iphone 14',
 'position': 24,
 'price': '6.924,99\xa0kr.',
 'product_url': 'https://www.refurbed.dk/p/iphone-14-pro/?co=dk&utm_cluster=gradeA&utm_content=iphone-14-pro&utm_group=iphone-14-pro',
 'title': 'iPhone 14 Pro',
 'url': 'refurbed.dk'}
2023-08-18 13:25:43 [scrapy] DEBUG: Scraped from <200 https://www.google.com/search?q=iphone+14&hl=en&gl=DK&start=0>
{'country': 'DK',
 'keyword': 'iphone 14',
 'position': 25,
 'price': '5.799,00\xa0kr.',
 'product_url': 'https://www.telia.dk/shop/apple/apple-iphone-14/#/starlight/128-gb/1',
 'title': 'Apple iPhone 14 128GB Starlight. Min.pris: 7.602,00kr. 6 mdr. '
          'binding',
 'url': 'telia.dk'}
2023-08-18 13:25:43 [scrapy] DEBUG: Scraped from <200 https://www.google.com/search?q=iphone+14&hl=en&gl=DK&start=0>
{'country': 'DK',
 'keyword': 'iphone 14',
 'position': 26,
 'price': '4.899,00\xa0kr.',
 'product_url': 'https://www.telia.dk/shop/apple/apple-iphone-13/#/pink/128-gb/1',
 'title': 'Apple iPhone 13 128GB Pink. Min.pris: 6.702,00kr. 6 mdr. binding',
 'url': 'telia.dk'}
2023-08-18 13:25:43 [scrapy] DEBUG: Scraped from <200 https://www.google.com/search?q=iphone+14&hl=en&gl=DK&start=0>
{'country': 'DK',
 'keyword': 'iphone 14',
 'position': 27,
 'price': '5.632,99\xa0kr.',
 'product_url': 'https://www.refurbed.dk/p/iphone-14/55457c/?co=dk&utm_cluster=gradeC&utm_content=iphone-14-55457c&utm_group=iphone-14',
 'title': 'iPhone 14 | 128 GB | Dual-SIM (2 x eSIM) | blå',
 'url': 'refurbed.dk'}
2023-08-18 13:25:44 [scrapy] DEBUG: Scraped from <200 https://www.google.com/search?q=iphone+14&hl=en&gl=DK&start=0>
{'country': 'DK',
 'keyword': 'iphone 14',
 'position': 28,
 'price': '5.761,00\xa0kr.',
 'product_url': 'https://yousee.dk/mobil/mobiltelefoner/apple/iphone-14/1471/mobil_80/kontant/',
 'title': 'Apple iPhone 14 128 GB Stjerneskær med abonnementsaftale. '
          'Mindstepris 7.075,00 kr.',
 'url': 'yousee.dk'}
2023-08-18 13:25:44 [scrapy] DEBUG: Scraped from <200 https://www.google.com/search?q=iphone+14&hl=en&gl=DK&start=0>
{'country': 'DK',
 'keyword': 'iphone 14',
 'position': 29,
 'price': '5.560,99\xa0kr.',
 'product_url': 'https://www.refurbed.dk/p/iphone-14/40940c/?co=dk&utm_cluster=gradeC&utm_content=iphone-14-40940c&utm_group=iphone-14',
 'title': 'iPhone 14 | 128 GB | Dual-SIM | Midnat',
 'url': 'refurbed.dk'}
2023-08-18 13:25:44 [scrapy] DEBUG: Scraped from <200 https://www.google.com/search?q=iphone+14&hl=en&gl=DK&start=0>
{'country': 'DK',
 'keyword': 'iphone 14',
 'position': 30,
 'price': None,
 'product_url': None,
 'title': None,
 'url': ''}
2023-08-18 13:25:44 [scrapy] DEBUG: Crawled (200) <GET https://www.google.com/search?q=ps5&hl=en&gl=DK&start=0> (referer: None)
2023-08-18 13:25:44 [scrapy] DEBUG: Scraped from <200 https://www.google.com/search?q=macbook+air&hl=en&gl=DK&start=0>
{'country': 'DK',
 'keyword': 'macbook air',
 'position': 1,
 'price': '7.649,00\xa0kr.',
 'product_url': 'https://www.elgiganten.dk/product/computer-kontor/computere/barbar-computer/macbook-air-13-m18256-2020-space-grey/254420',
 'title': 'MacBook Air 13 M1/8/256 2020 (space grey)',
 'url': 'elgiganten.dk'}
2023-08-18 13:25:44 [scrapy] DEBUG: Scraped from <200 https://www.google.com/search?q=macbook+air&hl=en&gl=DK&start=0>
{'country': 'DK',
 'keyword': 'macbook air',
 'position': 2,
 'price': '6.899,00\xa0kr.',
 'product_url': 'https://www.bilka.dk/produkter/apple-macbook-air-m1-13-256-gb-space-grey/100558134/',
 'title': 'Apple Macbook Air M1 13" 256 GB Space Grey',
 'url': 'bilka.dk'}
2023-08-18 13:25:44 [scrapy] DEBUG: Scraped from <200 https://www.google.com/search?q=macbook+air&hl=en&gl=DK&start=0>
{'country': 'DK',
 'keyword': 'macbook air',
 'position': 3,
 'price': '7.649,00\xa0kr.',
 'product_url': 'https://www.humac.dk/produkter/mac/macbook-air-2020-m1-133-8c-cpu7c-gpu-256gb-sg',
 'title': 'MacBook Air 2020 M1 13.3" 8C CPU/7C GPU 256GB SG',
 'url': 'humac.dk'}
2023-08-18 13:25:44 [scrapy] DEBUG: Scraped from <200 https://www.google.com/search?q=macbook+air&hl=en&gl=DK&start=0>
{'country': 'DK',
 'keyword': 'macbook air',
 'position': 4,
 'price': '10.049,00\xa0kr.',
 'product_url': 'https://www.elgiganten.dk/product/computer-kontor/computere/barbar-computer/macbook-air-m2-2022-8256-gb-barbar-computer-starlight/474935',
 'title': 'MacBook Air M2 2022 8/256 GB bærbar computer (Starlight)',
 'url': 'elgiganten.dk'}
2023-08-18 13:25:45 [scrapy] DEBUG: Scraped from <200 https://www.google.com/search?q=macbook+air&hl=en&gl=DK&start=0>
{'country': 'DK',
 'keyword': 'macbook air',
 'position': 5,
 'price': '7.649,00\xa0kr.',
 'product_url': 'https://www.power.dk/computere-og-tablets/computere/baerbar-pc/apple-macbook-air-2020-m1-mgn63dka-13-256-gb-space-grey/p-1133484/',
 'title': 'APPLE MACBOOK AIR 2020 M1 MGN63DK/A 13" 256 GB SPACE GREY',
 'url': 'power.dk'}
2023-08-18 13:25:45 [scrapy] DEBUG: Scraped from <200 https://www.google.com/search?q=macbook+air&hl=en&gl=DK&start=0>
{'country': 'DK',
 'keyword': 'macbook air',
 'position': 6,
 'price': '8.819,00\xa0kr.',
 'product_url': 'https://www.elgiganten.dk/product/outlet/macbook-air-m2-2022-8256-gb-barbar-computer-solv/545785',
 'title': 'MacBook Air M2 2022 8/256 GB bærbar computer (sølv)',
 'url': 'elgiganten.dk'}
2023-08-18 13:25:45 [scrapy] DEBUG: Scraped from <200 https://www.google.com/search?q=macbook+air&hl=en&gl=DK&start=0>
{'country': 'DK',
 'keyword': 'macbook air',
 'position': 7,
 'price': '10.499,00\xa0kr.',
 'product_url': 'https://www.bilka.dk/produkter/apple-macbook-air-m2-13-6-256-gb-midnight/200153768/',
 'title': 'Apple Macbook Air M2 13,6" 256 GB Midnight',
 'url': 'bilka.dk'}
2023-08-18 13:25:45 [scrapy] DEBUG: Scraped from <200 https://www.google.com/search?q=macbook+air&hl=en&gl=DK&start=0>
{'country': 'DK',
 'keyword': 'macbook air',
 'position': 8,
 'price': '6.899,00\xa0kr.',
 'product_url': 'https://www.bilka.dk/produkter/apple-macbook-air-m1-13-256-gb-silver/100558137/',
 'title': 'Apple Macbook Air M1 13" 256 GB Silver',
 'url': 'bilka.dk'}
2023-08-18 13:25:45 [scrapy] DEBUG: Scraped from <200 https://www.google.com/search?q=macbook+air&hl=en&gl=DK&start=0>
{'country': 'DK',
 'keyword': 'macbook air',
 'position': 9,
 'price': '11.628,00\xa0kr.',
 'product_url': 'https://www.proshop.dk/Baerbar/Apple-MacBook-Air-M2-2023-15-8GB-256GB-SSD-Midnight/3174733?utm_source=google&utm_medium=cpc&utm_campaign=searchengine',
 'title': 'Apple MacBook Air M2 2023 15" - 8GB - 256GB SSD - Midnight',
 'url': 'proshop.dk'}
2023-08-18 13:25:45 [scrapy] DEBUG: Scraped from <200 https://www.google.com/search?q=macbook+air&hl=en&gl=DK&start=0>
{'country': 'DK',
 'keyword': 'macbook air',
 'position': 10,
 'price': '6.899,00\xa0kr.',
 'product_url': 'https://www.bilka.dk/produkter/apple-macbook-air-m1-13-256-gb-guld/100558142/',
 'title': 'Apple Macbook Air M1 13" 256 GB Guld',
 'url': 'bilka.dk'}
2023-08-18 13:25:46 [scrapy] DEBUG: Scraped from <200 https://www.google.com/search?q=macbook+air&hl=en&gl=DK&start=0>
{'country': 'DK',
 'keyword': 'macbook air',
 'position': 11,
 'price': '7.649,00\xa0kr.',
 'product_url': 'https://www.foetex.dk/produkter/apple-macbook-air-m1-13-256-gb-space-grey/100558134/',
 'title': 'Apple Macbook Air M1 13" 256 GB Space Grey',
 'url': 'foetex.dk'}
2023-08-18 13:25:46 [scrapy] DEBUG: Scraped from <200 https://www.google.com/search?q=macbook+air&hl=en&gl=DK&start=0>
{'country': 'DK',
 'keyword': 'macbook air',
 'position': 12,
 'price': '9.849,00\xa0kr.',
 'product_url': 'https://www.elgiganten.dk/product/computer-kontor/computere/barbar-computer/macbook-air-m2-2022-8256-gb-barbar-computer-midnight/474934',
 'title': 'MacBook Air M2 2022 8/256 GB bærbar computer (Midnight)',
 'url': 'elgiganten.dk'}
2023-08-18 13:25:46 [scrapy] DEBUG: Scraped from <200 https://www.google.com/search?q=macbook+air&hl=en&gl=DK&start=0>
{'country': 'DK',
 'keyword': 'macbook air',
 'position': 13,
 'price': '12.499,00\xa0kr.',
 'product_url': 'https://www.humac.dk/produkter/mac/macbook-air-2023-m2-15-8cpu-10gpu-256gb-mdn',
 'title': 'MacBook Air 2023 M2 15" 8CPU 10GPU 256GB MDN',
 'url': 'humac.dk'}
2023-08-18 13:25:46 [scrapy] DEBUG: Scraped from <200 https://www.google.com/search?q=macbook+air&hl=en&gl=DK&start=0>
{'country': 'DK',
 'keyword': 'macbook air',
 'position': 14,
 'price': '7.649,00\xa0kr.',
 'product_url': 'https://www.elgiganten.dk/product/computer-kontor/computere/barbar-computer/macbook-air-13-m18256-2020-gold/254424',
 'title': 'MacBook Air 13 M1/8/256 2020 (gold)',
 'url': 'elgiganten.dk'}
2023-08-18 13:25:46 [scrapy] DEBUG: Scraped from <200 https://www.google.com/search?q=macbook+air&hl=en&gl=DK&start=0>
{'country': 'DK',
 'keyword': 'macbook air',
 'position': 15,
 'price': '3.569,00\xa0kr.',
 'product_url': 'https://greenmind.dk/computere/baerbar/apple-macbooks/macbook-air/apple-macbook-air-13-3-1-8-ghz-128-gb-ssd-8-gb-2017-solv-danish-brugt-meget-flot-stand-3263',
 'title': 'Apple MacBook Air 13.3" 1.8 GHz 8 GB 128 GB [SSD] 2017 Sølv Danish '
          'Brugt - Meget flot stand',
 'url': 'greenmind.dk'}
2023-08-18 13:25:46 [scrapy] DEBUG: Scraped from <200 https://www.google.com/search?q=macbook+air&hl=en&gl=DK&start=0>
{'country': 'DK',
 'keyword': 'macbook air',
 'position': 16,
 'price': '3.658,99\xa0kr.',
 'product_url': 'https://www.refurbed.dk/p/apple-macbook-air-2017-i-13-3/2317b/?co=dk&utm_cluster=gradeB&utm_content=apple-macbook-air-2017-i-13-3-2317b&utm_group=apple-macbook-air-2017-i-13-3',
 'title': 'Topstand: Apple MacBook Air 2017 | 13.3" | 1.8 GHz | 8 GB | 256 GB '
          'SSD | sølv | DE',
 'url': 'refurbed.dk'}
2023-08-18 13:25:46 [scrapy] DEBUG: Scraped from <200 https://www.google.com/search?q=macbook+air&hl=en&gl=DK&start=0>
{'country': 'DK',
 'keyword': 'macbook air',
 'position': 17,
 'price': '7.649,00\xa0kr.',
 'product_url': 'https://www.humac.dk/produkter/mac/macbook-air-2020-m1-133-8c-cpu7c-gpu-256gb-go',
 'title': 'MacBook Air 2020 M1 13.3" 8C CPU/7C GPU 256GB GO',
 'url': 'humac.dk'}
2023-08-18 13:25:47 [scrapy] DEBUG: Scraped from <200 https://www.google.com/search?q=macbook+air&hl=en&gl=DK&start=0>
{'country': 'DK',
 'keyword': 'macbook air',
 'position': 18,
 'price': '5.899,00\xa0kr.',
 'product_url': 'https://www.proshop.dk/Baerbar/Apple-MacBook-Air-2018-133-16GB-RAM-512GB-SSD-Space-Grey-Refurbished/3182518?utm_source=google&utm_medium=cpc&utm_campaign=searchengine',
 'title': 'Apple MacBook Air 2018 13.3" - 16GB RAM & 512GB SSD - Space Grey - '
          'Refurbished',
 'url': 'proshop.dk'}
2023-08-18 13:25:47 [scrapy] DEBUG: Scraped from <200 https://www.google.com/search?q=macbook+air&hl=en&gl=DK&start=0>
{'country': 'DK',
 'keyword': 'macbook air',
 'position': 19,
 'price': '7.649,00\xa0kr.',
 'product_url': 'https://www.elgiganten.dk/product/computer-kontor/computere/barbar-computer/macbook-air-13-m18256-2020-silver/254402',
 'title': 'MacBook Air 13 M1/8/256 2020 (silver)',
 'url': 'elgiganten.dk'}
2023-08-18 13:25:47 [scrapy] DEBUG: Scraped from <200 https://www.google.com/search?q=macbook+air&hl=en&gl=DK&start=0>
{'country': 'DK',
 'keyword': 'macbook air',
 'position': 20,
 'price': '3.999,00\xa0kr.',
 'product_url': 'https://www.power.dk/computere-og-tablets/computere/repower-baerbar-pc/repower-macbook-air-133-128-gb-silver/p-1221623/',
 'title': 'REPOWER MACBOOK AIR 13,3" 128 GB SILVER',
 'url': 'power.dk'}
2023-08-18 13:25:47 [scrapy] DEBUG: Scraped from <200 https://www.google.com/search?q=macbook+air&hl=en&gl=DK&start=0>
{'country': 'DK',
 'keyword': 'macbook air',
 'position': 21,
 'price': '8.756,00\xa0kr.',
 'product_url': 'https://www.proshop.dk/Baerbar/Apple-MacBook-Air-M1-2020-13-8GB-RAM-256-GB-SSD-Space-Grey/2889449?utm_source=google&utm_medium=cpc&utm_campaign=searchengine',
 'title': 'Apple MacBook Air M1 2020 13" 8GB RAM & 256 GB SSD - Space Grey',
 'url': 'proshop.dk'}
2023-08-18 13:25:47 [scrapy] DEBUG: Scraped from <200 https://www.google.com/search?q=macbook+air&hl=en&gl=DK&start=0>
{'country': 'DK',
 'keyword': 'macbook air',
 'position': 22,
 'price': '7.649,00\xa0kr.',
 'product_url': 'https://www.power.dk/computere-og-tablets/computere/baerbar-pc/apple-macbook-air-2020-m1-mgnd3dka-13-256-gb-guld/p-1133485/',
 'title': 'APPLE MACBOOK AIR 2020 M1 MGND3DK/A 13" 256 GB GULD',
 'url': 'power.dk'}
2023-08-18 13:25:48 [scrapy] DEBUG: Scraped from <200 https://www.google.com/search?q=macbook+air&hl=en&gl=DK&start=0>
{'country': 'DK',
 'keyword': 'macbook air',
 'position': 23,
 'price': '12.499,00\xa0kr.',
 'product_url': 'https://www.humac.dk/produkter/mac/macbook-air-2023-m2-15-8cpu-10gpu-256gb-sl',
 'title': 'MacBook Air 2023 M2 15" 8CPU 10GPU 256GB SL',
 'url': 'humac.dk'}
2023-08-18 13:25:48 [scrapy] DEBUG: Scraped from <200 https://www.google.com/search?q=macbook+air&hl=en&gl=DK&start=0>
{'country': 'DK',
 'keyword': 'macbook air',
 'position': 24,
 'price': '9.775,00\xa0kr.',
 'product_url': 'https://www.proshop.dk/Baerbar/Apple-MacBook-Air-M2-2022-13-8GB-RAM-256GB-SSD-Space-Grey/3081370?utm_source=google&utm_medium=cpc&utm_campaign=searchengine',
 'title': 'Apple MacBook Air M2 2022 13" - 8GB RAM - 256GB SSD - Space Grey',
 'url': 'proshop.dk'}
2023-08-18 13:25:48 [scrapy] DEBUG: Scraped from <200 https://www.google.com/search?q=macbook+air&hl=en&gl=DK&start=0>
{'country': 'DK',
 'keyword': 'macbook air',
 'position': 25,
 'price': '11.349,00\xa0kr.',
 'product_url': 'https://www.elgiganten.dk/product/computer-kontor/computere/barbar-computer/macbook-air-15-m28256-2023-midnat/628230',
 'title': 'MacBook Air 15 M2/8/256 2023 (Midnat)',
 'url': 'elgiganten.dk'}
2023-08-18 13:25:48 [scrapy] DEBUG: Scraped from <200 https://www.google.com/search?q=macbook+air&hl=en&gl=DK&start=0>
{'country': 'DK',
 'keyword': 'macbook air',
 'position': 26,
 'price': '10.499,00\xa0kr.',
 'product_url': 'https://www.humac.dk/produkter/mac/macbook-air-2022-m2-136-8c-cpu-8gb-256gb-sg',
 'title': 'MacBook Air 2022 M2 13.6" 8C GPU, 8GB, 256GB SG',
 'url': 'humac.dk'}
2023-08-18 13:25:48 [scrapy] DEBUG: Scraped from <200 https://www.google.com/search?q=macbook+air&hl=en&gl=DK&start=0>
{'country': 'DK',
 'keyword': 'macbook air',
 'position': 27,
 'price': None,
 'product_url': None,
 'title': None,
 'url': ''}
2023-08-18 13:25:48 [scrapy] DEBUG: Scraped from <200 https://www.google.com/search?q=iphone+13&hl=en&gl=DK&start=0>
{'country': 'DK',
 'keyword': 'iphone 13',
 'position': 1,
 'price': '4.999,00\xa0kr.',
 'product_url': 'https://www.telenor.dk/shop/mobil/apple/apple-iphone-13--128gb-midnight/?cycleCount=none',
 'title': 'Apple iPhone 13 - 128 GB - Midnight med abonnementsaftale. '
          'Mindstepris 6613.00 Kr.',
 'url': 'telenor.dk'}
2023-08-18 13:25:48 [scrapy] DEBUG: Scraped from <200 https://www.google.com/search?q=iphone+13&hl=en&gl=DK&start=0>
{'country': 'DK',
 'keyword': 'iphone 13',
 'position': 2,
 'price': '4.899,00\xa0kr.',
 'product_url': 'https://www.telia.dk/shop/apple/apple-iphone-13/#/pink/128-gb/1',
 'title': 'Apple iPhone 13 128GB Pink. Min.pris: 6.702,00kr. 6 mdr. binding',
 'url': 'telia.dk'}
2023-08-18 13:25:49 [scrapy] DEBUG: Scraped from <200 https://www.google.com/search?q=iphone+13&hl=en&gl=DK&start=0>
{'country': 'DK',
 'keyword': 'iphone 13',
 'position': 3,
 'price': '4.444,00\xa0kr.',
 'product_url': 'https://www.elgiganten.dk/product/mobil-tablet-smartwatch/mobiltelefon/iphone-12-5g-smartphone-64-gb-sort/234550',
 'title': 'iPhone 12 - 5G smartphone 64 GB (sort)',
 'url': 'elgiganten.dk'}
2023-08-18 13:25:49 [scrapy] DEBUG: Scraped from <200 https://www.google.com/search?q=iphone+13&hl=en&gl=DK&start=0>
{'country': 'DK',
 'keyword': 'iphone 13',
 'position': 4,
 'price': '4.528,99\xa0kr.',
 'product_url': 'https://www.refurbed.dk/p/iphone-13/?co=dk&utm_cluster=gradeC&utm_content=iphone-13&utm_group=iphone-13',
 'title': 'iPhone 13',
 'url': 'refurbed.dk'}
2023-08-18 13:25:49 [scrapy] DEBUG: Scraped from <200 https://www.google.com/search?q=iphone+13&hl=en&gl=DK&start=0>
{'country': 'DK',
 'keyword': 'iphone 13',
 'position': 5,
 'price': '5.999,00\xa0kr.',
 'product_url': 'https://www.power.dk/mobil-og-foto/mobiltelefoner/apple-iphone-13-128-gb-midnat/p-1204127/',
 'title': 'APPLE IPHONE 13 128 GB MIDNAT',
 'url': 'power.dk'}
2023-08-18 13:25:49 [scrapy] DEBUG: Scraped from <200 https://www.google.com/search?q=iphone+13&hl=en&gl=DK&start=0>
{'country': 'DK',
 'keyword': 'iphone 13',
 'position': 6,
 'price': '6.399,00\xa0kr.',
 'product_url': 'https://www.elgiganten.dk/product/mobil-tablet-smartwatch/mobiltelefon/iphone-13-5g-smartphone-128gb-midnight/361879',
 'title': 'iPhone 13 – 5G smartphone 128GB Midnight',
 'url': 'elgiganten.dk'}
2023-08-18 13:25:49 [scrapy] DEBUG: Scraped from <200 https://www.google.com/search?q=iphone+13&hl=en&gl=DK&start=0>
{'country': 'DK',
 'keyword': 'iphone 13',
 'position': 7,
 'price': '4.899,00\xa0kr.',
 'product_url': 'https://www.telia.dk/shop/apple/apple-iphone-13/#/green/128-gb/1',
 'title': 'Apple iPhone 13 128GB Green. Min.pris: 6.702,00kr. 6 mdr. binding',
 'url': 'telia.dk'}
2023-08-18 13:25:49 [scrapy] DEBUG: Scraped from <200 https://www.google.com/search?q=iphone+13&hl=en&gl=DK&start=0>
{'country': 'DK',
 'keyword': 'iphone 13',
 'position': 8,
 'price': '4.999,00\xa0kr.',
 'product_url': 'https://www.telenor.dk/shop/mobil/apple/iphone-13-128gb-green/?cycleCount=none',
 'title': 'Apple iPhone 13 - 128 GB - Grøn med abonnementsaftale. Mindstepris '
          '6613.00 Kr.',
 'url': 'telenor.dk'}
2023-08-18 13:25:49 [scrapy] DEBUG: Scraped from <200 https://www.google.com/search?q=iphone+13&hl=en&gl=DK&start=0>
{'country': 'DK',
 'keyword': 'iphone 13',
 'position': 9,
 'price': '4.795,00\xa0kr.',
 'product_url': 'https://tech24.dk/products/brugt-iphone-13-128gb-som-ny-sort?variant=46983884243272&currency=DKK',
 'title': 'Brugt iPhone 13, 128GB - Som Ny - Blå - tech24.dk Nej tak',
 'url': 'tech24.dk'}
2023-08-18 13:25:50 [scrapy] DEBUG: Scraped from <200 https://www.google.com/search?q=iphone+13&hl=en&gl=DK&start=0>
{'country': 'DK',
 'keyword': 'iphone 13',
 'position': 10,
 'price': '5.499,00\xa0kr.',
 'product_url': 'https://www.proshop.dk/Mobil/Apple-iPhone-13-mini-5G-128GB-Midnight/2998470?utm_source=google&utm_medium=cpc&utm_campaign=searchengine',
 'title': 'Apple iPhone 13 mini 5G 128GB - Midnight',
 'url': 'proshop.dk'}
2023-08-18 13:25:50 [scrapy] DEBUG: Scraped from <200 https://www.google.com/search?q=iphone+13&hl=en&gl=DK&start=0>
{'country': 'DK',
 'keyword': 'iphone 13',
 'position': 11,
 'price': '6.399,00\xa0kr.',
 'product_url': 'https://www.elgiganten.dk/product/mobil-tablet-smartwatch/mobiltelefon/iphone-13-5g-smartphone-128gb-pink/361941',
 'title': 'iPhone 13 – 5G smartphone 128GB Pink',
 'url': 'elgiganten.dk'}
2023-08-18 13:25:50 [scrapy] DEBUG: Scraped from <200 https://www.google.com/search?q=iphone+13&hl=en&gl=DK&start=0>
{'country': 'DK',
 'keyword': 'iphone 13',
 'position': 12,
 'price': '6.999,00\xa0kr.',
 'product_url': 'https://www.power.dk/mobil-og-foto/mobiltelefoner/apple-iphone-13-512-gb-stjerneskaer/p-1204138/',
 'title': 'APPLE IPHONE 13 512 GB STJERNESKÆR',
 'url': 'power.dk'}
2023-08-18 13:25:50 [scrapy] DEBUG: Scraped from <200 https://www.google.com/search?q=iphone+13&hl=en&gl=DK&start=0>
{'country': 'DK',
 'keyword': 'iphone 13',
 'position': 13,
 'price': '4.899,00\xa0kr.',
 'product_url': 'https://www.telia.dk/shop/apple/apple-iphone-13/#/midnight/128-gb/1',
 'title': 'Apple iPhone 13 128GB Midnight. Min.pris: 6.702,00kr. 6 mdr. '
          'binding',
 'url': 'telia.dk'}
2023-08-18 13:25:50 [scrapy] DEBUG: Scraped from <200 https://www.google.com/search?q=iphone+13&hl=en&gl=DK&start=0>
{'country': 'DK',
 'keyword': 'iphone 13',
 'position': 14,
 'price': '4.655,99\xa0kr.',
 'product_url': 'https://www.refurbed.dk/p/iphone-13/14159/?co=dk&utm_cluster=gradeA&utm_content=iphone-13-14159&utm_group=iphone-13',
 'title': 'Som Ny: iPhone 13 | 128 GB | Dual-SIM | blå',
 'url': 'refurbed.dk'}
2023-08-18 13:25:50 [scrapy] DEBUG: Scraped from <200 https://www.google.com/search?q=iphone+13&hl=en&gl=DK&start=0>
{'country': 'DK',
 'keyword': 'iphone 13',
 'position': 15,
 'price': '3.753,52\xa0kr.',
 'product_url': 'https://phoneshop.se/product/refurbished-apple-iphone-13-mini/?attribute_pa_capacity=128gb&attribute_pa_condition=c-grade&attribute_pa_color=white',
 'title': 'Refurbished Apple iPhone 13 Mini - 128Gb / C-Grade / White by '
          'Phoneshop',
 'url': 'phoneshop.se'}
2023-08-18 13:25:50 [scrapy] DEBUG: Scraped from <200 https://www.google.com/search?q=iphone+13&hl=en&gl=DK&start=0>
{'country': 'DK',
 'keyword': 'iphone 13',
 'position': 16,
 'price': '4.735,99\xa0kr.',
 'product_url': 'https://www.refurbed.dk/p/iphone-13/21730b/?co=dk&utm_cluster=gradeB&utm_content=iphone-13-21730b&utm_group=iphone-13',
 'title': 'iPhone 13 | 128 GB | Dual-SIM | grøn',
 'url': 'refurbed.dk'}
2023-08-18 13:25:51 [scrapy] DEBUG: Scraped from <200 https://www.google.com/search?q=iphone+13&hl=en&gl=DK&start=0>
{'country': 'DK',
 'keyword': 'iphone 13',
 'position': 17,
 'price': '5.740,00\xa0kr.',
 'product_url': 'http://www.3.dk/shop/mobiler/apple/iphone-13',
 'title': 'iPhone 13 128 GB GB Midnight mindstepris fra 6700 kr. (inkl. '
          'abonnement). 3Family & 3LikeHome',
 'url': '3.dk'}
2023-08-18 13:25:51 [scrapy] DEBUG: Scraped from <200 https://www.google.com/search?q=iphone+13&hl=en&gl=DK&start=0>
{'country': 'DK',
 'keyword': 'iphone 13',
 'position': 18,
 'price': '5.742,99\xa0kr.',
 'product_url': 'https://www.refurbed.dk/p/iphone-13-pro/?co=dk&utm_cluster=gradeB&utm_content=iphone-13-pro&utm_group=iphone-13-pro',
 'title': '>> iPhone 13 Pro <<',
 'url': 'refurbed.dk'}
2023-08-18 13:25:51 [scrapy] DEBUG: Scraped from <200 https://www.google.com/search?q=iphone+13&hl=en&gl=DK&start=0>
{'country': 'DK',
 'keyword': 'iphone 13',
 'position': 19,
 'price': '5.489,00\xa0kr.',
 'product_url': 'https://www.power.dk/mobil-og-foto/mobiltelefoner/apple-iphone-13-mini-128-gb-midnat/p-1204142/',
 'title': 'APPLE IPHONE 13 MINI 128 GB MIDNAT',
 'url': 'power.dk'}
2023-08-18 13:25:51 [scrapy] DEBUG: Scraped from <200 https://www.google.com/search?q=iphone+13&hl=en&gl=DK&start=0>
{'country': 'DK',
 'keyword': 'iphone 13',
 'position': 20,
 'price': '5.951,00\xa0kr.',
 'product_url': 'https://www.elgiganten.dk/product/outlet/iphone-13-5g-smartphone-128gb-starlight/372459',
 'title': 'iPhone 13 – 5G smartphone 128GB Starlight',
 'url': 'elgiganten.dk'}
2023-08-18 13:25:51 [scrapy] DEBUG: Scraped from <200 https://www.google.com/search?q=iphone+13&hl=en&gl=DK&start=0>
{'country': 'DK',
 'keyword': 'iphone 13',
 'position': 21,
 'price': '4.899,00\xa0kr.',
 'product_url': 'https://www.telia.dk/shop/apple/apple-iphone-13/#/starlight/128-gb/1',
 'title': 'Apple iPhone 13 128GB Starlight. Min.pris: 6.702,00kr. 6 mdr. '
          'binding',
 'url': 'telia.dk'}
2023-08-18 13:25:51 [scrapy] DEBUG: Scraped from <200 https://www.google.com/search?q=iphone+13&hl=en&gl=DK&start=0>
{'country': 'DK',
 'keyword': 'iphone 13',
 'position': 22,
 'price': '5.999,00\xa0kr.',
 'product_url': 'https://www.power.dk/mobil-og-foto/mobiltelefoner/apple-iphone-13-128-gb-lyseroed/p-1204129/',
 'title': 'APPLE IPHONE 13 128 GB LYSERØD',
 'url': 'power.dk'}
2023-08-18 13:25:51 [scrapy] DEBUG: Scraped from <200 https://www.google.com/search?q=iphone+13&hl=en&gl=DK&start=0>
{'country': 'DK',
 'keyword': 'iphone 13',
 'position': 23,
 'price': '4.925,99\xa0kr.',
 'product_url': 'https://www.refurbed.dk/p/iphone-13/14162c/?co=dk&utm_cluster=gradeC&utm_content=iphone-13-14162c&utm_group=iphone-13',
 'title': 'iPhone 13 | 128 GB | Dual-SIM | sort',
 'url': 'refurbed.dk'}
2023-08-18 13:25:52 [scrapy] DEBUG: Scraped from <200 https://www.google.com/search?q=iphone+13&hl=en&gl=DK&start=0>
{'country': 'DK',
 'keyword': 'iphone 13',
 'position': 24,
 'price': None,
 'product_url': None,
 'title': None,
 'url': ''}
2023-08-18 13:25:52 [scrapy] DEBUG: Scraped from <200 https://www.google.com/search?q=ps5&hl=en&gl=DK&start=0>
{'country': 'DK',
 'keyword': 'ps5',
 'position': 1,
 'price': '3.799,00\xa0kr.',
 'product_url': 'https://www.elgiganten.dk/product/gaming/spillekonsol-tilbehor/playstation/playstation-spillekonsol/playstation-5-2022/533978',
 'title': 'PlayStation 5 (2022)',
 'url': 'elgiganten.dk'}
2023-08-18 13:25:52 [scrapy] DEBUG: Scraped from <200 https://www.google.com/search?q=ps5&hl=en&gl=DK&start=0>
{'country': 'DK',
 'keyword': 'ps5',
 'position': 2,
 'price': '2.999,00\xa0kr.',
 'product_url': 'https://www.telia.dk/shop/playstation/sony-playstation-5-23-bundle-med-abonnement/#/white/0-gb',
 'title': 'Sony PlayStation 5 med abonnement. Min.pris: 4.802,00kr. 6 mdr. '
          'binding',
 'url': 'telia.dk'}
2023-08-18 13:25:52 [scrapy] DEBUG: Scraped from <200 https://www.google.com/search?q=ps5&hl=en&gl=DK&start=0>
{'country': 'DK',
 'keyword': 'ps5',
 'position': 3,
 'price': '3.790,00\xa0kr.',
 'product_url': 'https://www.proshop.dk/Spillekonsol/Sony-PlayStation-5-Nordic/2831713?utm_source=google&utm_medium=cpc&utm_campaign=searchengine',
 'title': 'Sony PlayStation 5 (Nordic)',
 'url': 'proshop.dk'}
2023-08-18 13:25:52 [scrapy] DEBUG: Scraped from <200 https://www.google.com/search?q=ps5&hl=en&gl=DK&start=0>
{'country': 'DK',
 'keyword': 'ps5',
 'position': 4,
 'price': '3.789,00\xa0kr.',
 'product_url': 'https://www.bilka.dk/produkter/ps5-standard-konsol/200169033/',
 'title': 'PS5 Standard Konsol',
 'url': 'bilka.dk'}
2023-08-18 13:25:52 [scrapy] DEBUG: Scraped from <200 https://www.google.com/search?q=ps5&hl=en&gl=DK&start=0>
{'country': 'DK',
 'keyword': 'ps5',
 'position': 5,
 'price': '3.491,00\xa0kr.',
 'product_url': 'https://www.elgiganten.dk/product/outlet/playstation-5-digital-edition-2022/543411',
 'title': 'PlayStation 5 Digital Edition (2022)',
 'url': 'elgiganten.dk'}
2023-08-18 13:25:53 [scrapy] DEBUG: Scraped from <200 https://www.google.com/search?q=ps5&hl=en&gl=DK&start=0>
{'country': 'DK',
 'keyword': 'ps5',
 'position': 6,
 'price': '3.690,00\xa0kr.',
 'product_url': 'https://www.proshop.dk/Spillekonsol/Sony-5-Digital-Edition-Nordic/3033825?utm_source=google&utm_medium=cpc&utm_campaign=searchengine',
 'title': 'Sony 5 - Digital Edition (Nordic)',
 'url': 'proshop.dk'}
2023-08-18 13:25:53 [scrapy] DEBUG: Scraped from <200 https://www.google.com/search?q=ps5&hl=en&gl=DK&start=0>
{'country': 'DK',
 'keyword': 'ps5',
 'position': 7,
 'price': '3.990,00\xa0kr.',
 'product_url': 'https://www.foetex.dk/produkter/ps5-standard-konsol/200169033/',
 'title': 'PS5 Standard Konsol',
 'url': 'foetex.dk'}
2023-08-18 13:25:53 [scrapy] DEBUG: Scraped from <200 https://www.google.com/search?q=ps5&hl=en&gl=DK&start=0>
{'country': 'DK',
 'keyword': 'ps5',
 'position': 8,
 'price': '4.999,00\xa0kr.',
 'product_url': 'https://www.elgiganten.dk/product/gaming/spillekonsol-tilbehor/playstation/playstation-spillekonsol/playstation-5-2x-dualsense-controller-pakke/581993',
 'title': 'PlayStation 5 + 2x DualSense controller-pakke',
 'url': 'elgiganten.dk'}
2023-08-18 13:25:53 [scrapy] DEBUG: Scraped from <200 https://www.google.com/search?q=ps5&hl=en&gl=DK&start=0>
{'country': 'DK',
 'keyword': 'ps5',
 'position': 9,
 'price': '3.789,00\xa0kr.',
 'product_url': 'https://www.komplett.dk/product/1111557/gaming/playstation/playstation-5-disc-edition-ps5?channable=0095b76964003131313135353727',
 'title': 'PlayStation 5 Disc Edition / PS5',
 'url': 'komplett.dk'}
2023-08-18 13:25:53 [scrapy] DEBUG: Scraped from <200 https://www.google.com/search?q=ps5&hl=en&gl=DK&start=0>
{'country': 'DK',
 'keyword': 'ps5',
 'position': 10,
 'price': '3.789,00\xa0kr.',
 'product_url': 'https://www.power.dk/gaming-og-underholdning/playstation/playstation-konsoller/playstation-5/p-1840111/',
 'title': 'PLAYSTATION 5',
 'url': 'power.dk'}
2023-08-18 13:25:53 [scrapy] DEBUG: Scraped from <200 https://www.google.com/search?q=ps5&hl=en&gl=DK&start=0>
{'country': 'DK',
 'keyword': 'ps5',
 'position': 11,
 'price': '5.599,00\xa0kr.',
 'product_url': 'https://www.elgiganten.dk/product/gaming/spillekonsol-tilbehor/playstation/playstation-spillekonsol/playstation-5-marvel-s-spider-man-2-limited-edition-pakke/645207',
 'title': 'PlayStation 5 + Marvel s Spider-Man 2 Limited Edition pakke',
 'url': 'elgiganten.dk'}
2023-08-18 13:25:54 [scrapy] DEBUG: Scraped from <200 https://www.google.com/search?q=ps5&hl=en&gl=DK&start=0>
{'country': 'DK',
 'keyword': 'ps5',
 'position': 12,
 'price': '3.789,00\xa0kr.',
 'product_url': 'https://www.avxperten.dk/playstation/sony-playstation-5-ultra-hd-drev-825gb-fifa-2023.asp',
 'title': 'Sony PlayStation 5 m/Ultra HD drev + FIFA 2023',
 'url': 'avxperten.dk'}
2023-08-18 13:25:54 [scrapy] DEBUG: Scraped from <200 https://www.google.com/search?q=ps5&hl=en&gl=DK&start=0>
{'country': 'DK',
 'keyword': 'ps5',
 'position': 13,
 'price': '3.799,00\xa0kr.',
 'product_url': 'https://cdon.dk/hjemme-elektronik/sony-playstation-5-standard-ps5-825gb-p54876367',
 'title': 'Sony Playstation 5 Standard - (PS5) 825GB - Consoles',
 'url': 'cdon.dk'}
2023-08-18 13:25:54 [scrapy] DEBUG: Scraped from <200 https://www.google.com/search?q=ps5&hl=en&gl=DK&start=0>
{'country': 'DK',
 'keyword': 'ps5',
 'position': 14,
 'price': '369,00\xa0kr.',
 'product_url': 'https://www.proshop.dk/Spil-tilbehoer/Sony-PlayStation-5-Dualsense-White-Gamepad-Sony-Playstation-5/2974488?utm_source=google&utm_medium=cpc&utm_campaign=searchengine',
 'title': 'Sony PlayStation 5 Dualsense - White - Gamepad - Sony Playstation 5',
 'url': 'proshop.dk'}
2023-08-18 13:25:54 [scrapy] DEBUG: Scraped from <200 https://www.google.com/search?q=ps5&hl=en&gl=DK&start=0>
{'country': 'DK',
 'keyword': 'ps5',
 'position': 15,
 'price': '4.610,00\xa0kr.',
 'product_url': 'https://www.elgiganten.dk/product/outlet/playstation-5-god-of-war-ragnarok-pakke/575375',
 'title': 'PlayStation 5 + God of War Ragnarök pakke',
 'url': 'elgiganten.dk'}
2023-08-18 13:25:54 [scrapy] DEBUG: Scraped from <200 https://www.google.com/search?q=ps5&hl=en&gl=DK&start=0>
{'country': 'DK',
 'keyword': 'ps5',
 'position': 16,
 'price': '3.879,00\xa0kr.',
 'product_url': 'https://www.foetex.dk/produkter/playstation-5-digital/200043040/',
 'title': 'PlayStation 5 - Digital',
 'url': 'foetex.dk'}
2023-08-18 13:25:54 [scrapy] DEBUG: Scraped from <200 https://www.google.com/search?q=ps5&hl=en&gl=DK&start=0>
{'country': 'DK',
 'keyword': 'ps5',
 'position': 17,
 'price': '399,00\xa0kr.',
 'product_url': 'https://www.telia.dk/shop/accessories/ps5-dualsense-wireless-controller/#/hvid',
 'title': 'PS5 DualSense Wireless Controller',
 'url': 'telia.dk'}
2023-08-18 13:25:54 [scrapy] DEBUG: Scraped from <200 https://www.google.com/search?q=ps5&hl=en&gl=DK&start=0>
{'country': 'DK',
 'keyword': 'ps5',
 'position': 18,
 'price': '4.990,00\xa0kr.',
 'product_url': 'https://www.proshop.dk/Spillekonsol/Sony-PlayStation-5-Standard-1-Extra-DualSense/3158997?utm_source=google&utm_medium=cpc&utm_campaign=searchengine',
 'title': 'Sony PlayStation 5 Standard + 1 Extra DualSense',
 'url': 'proshop.dk'}
2023-08-18 13:25:55 [scrapy] DEBUG: Scraped from <200 https://www.google.com/search?q=ps5&hl=en&gl=DK&start=0>
{'country': 'DK',
 'keyword': 'ps5',
 'position': 19,
 'price': '3.899,00\xa0kr.',
 'product_url': 'https://www.komplett.dk/product/1161553/gaming/playstation/playstation-5-digital-edition-ps5?channable=0095b76964003131363135353374',
 'title': 'PlayStation 5 Digital Edition / PS5',
 'url': 'komplett.dk'}
2023-08-18 13:25:55 [scrapy] DEBUG: Scraped from <200 https://www.google.com/search?q=ps5&hl=en&gl=DK&start=0>
{'country': 'DK',
 'keyword': 'ps5',
 'position': 20,
 'price': None,
 'product_url': None,
 'title': None,
 'url': ''}
2023-08-18 13:25:55 [scrapy] INFO: Closing spider (finished)
2023-08-18 13:25:55 [scrapy] INFO: Dumping Scrapy stats:
{'downloader/exception_count': 1,
 'downloader/exception_type_count/twisted.web._newclient.ResponseFailed': 1,
 'downloader/request_bytes': 2813,
 'downloader/request_count': 6,
 'downloader/request_method_count/GET': 6,
 'downloader/response_bytes': 1277112,
 'downloader/response_count': 5,
 'downloader/response_status_count/200': 5,
 'elapsed_time_seconds': 26.029414,
 'finish_reason': 'finished',
 'finish_time': datetime.datetime(2023, 8, 18, 13, 25, 55, 232446),
 'httpcompression/response_bytes': 4859927,
 'httpcompression/response_count': 5,
 'item_scraped_count': 131,
 'log_count/DEBUG': 139,
 'log_count/INFO': 8,
 'log_count/WARNING': 1,
 'memusage/max': 79065088,
 'memusage/startup': 79065088,
 'response_received_count': 5,
 'retry/count': 1,
 'retry/reason_count/twisted.web._newclient.ResponseFailed': 1,
 'scheduler/dequeued': 6,
 'scheduler/dequeued/memory': 6,
 'scheduler/enqueued': 6,
 'scheduler/enqueued/memory': 6,
 'start_time': datetime.datetime(2023, 8, 18, 13, 25, 29, 203032)}
2023-08-18 13:25:55 [scrapy] INFO: Spider closed (finished)
