2023-09-26 11:34:16 [scrapy] DEBUG: Crawled (200) <GET https://www.google.com/search?q=iphone+12%0D&hl=en&gl=DK&start=0> (referer: None)
2023-09-26 11:34:16 [scrapy] DEBUG: Crawled (200) <GET https://www.google.com/search?q=apple%0D&hl=en&gl=DK&start=0> (referer: None)
2023-09-26 11:34:16 [scrapy] ERROR: Spider error processing <GET https://www.google.com/search?q=iphone+12%0D&hl=en&gl=DK&start=0> (referer: None)
Traceback (most recent call last):
  File "C:\Users\Muhammad Umer\AppData\Local\Programs\Python\Python311\Lib\site-packages\scrapy\utils\defer.py", line 257, in iter_errback
    yield next(it)
          ^^^^^^^^
  File "C:\Users\Muhammad Umer\AppData\Local\Programs\Python\Python311\Lib\site-packages\scrapy\utils\python.py", line 312, in __next__
    return next(self.data)
           ^^^^^^^^^^^^^^^
  File "C:\Users\Muhammad Umer\AppData\Local\Programs\Python\Python311\Lib\site-packages\scrapy\utils\python.py", line 312, in __next__
    return next(self.data)
           ^^^^^^^^^^^^^^^
  File "C:\Users\Muhammad Umer\AppData\Local\Programs\Python\Python311\Lib\site-packages\scrapy\core\spidermw.py", line 104, in process_sync
    for r in iterable:
  File "C:\Users\Muhammad Umer\AppData\Local\Programs\Python\Python311\Lib\site-packages\scrapy\spidermiddlewares\offsite.py", line 28, in <genexpr>
    return (r for r in result or () if self._filter(r, spider))
           ^^^^^^^^^^^^^^^^^^^^^^^^^^^^^^^^^^^^^^^^^^^^^^^^^^^^
  File "C:\Users\Muhammad Umer\AppData\Local\Programs\Python\Python311\Lib\site-packages\scrapy\core\spidermw.py", line 104, in process_sync
    for r in iterable:
  File "C:\Users\Muhammad Umer\AppData\Local\Programs\Python\Python311\Lib\site-packages\scrapy\spidermiddlewares\referer.py", line 353, in <genexpr>
    return (self._set_referer(r, response) for r in result or ())
           ^^^^^^^^^^^^^^^^^^^^^^^^^^^^^^^^^^^^^^^^^^^^^^^^^^^^^^
  File "C:\Users\Muhammad Umer\AppData\Local\Programs\Python\Python311\Lib\site-packages\scrapy\core\spidermw.py", line 104, in process_sync
    for r in iterable:
  File "C:\Users\Muhammad Umer\AppData\Local\Programs\Python\Python311\Lib\site-packages\scrapy\spidermiddlewares\urllength.py", line 27, in <genexpr>
    return (r for r in result or () if self._filter(r, spider))
           ^^^^^^^^^^^^^^^^^^^^^^^^^^^^^^^^^^^^^^^^^^^^^^^^^^^^
  File "C:\Users\Muhammad Umer\AppData\Local\Programs\Python\Python311\Lib\site-packages\scrapy\core\spidermw.py", line 104, in process_sync
    for r in iterable:
  File "C:\Users\Muhammad Umer\AppData\Local\Programs\Python\Python311\Lib\site-packages\scrapy\spidermiddlewares\depth.py", line 31, in <genexpr>
    return (r for r in result or () if self._filter(r, response, spider))
           ^^^^^^^^^^^^^^^^^^^^^^^^^^^^^^^^^^^^^^^^^^^^^^^^^^^^^^^^^^^^^^
  File "C:\Users\Muhammad Umer\AppData\Local\Programs\Python\Python311\Lib\site-packages\scrapy\core\spidermw.py", line 104, in process_sync
    for r in iterable:
  File "D:\Outputs\Django Outputs\scraper\spiders\plaspider.py", line 65, in parse
    with open(f'html/{self.user}/{response.meta["keyword"]}.html', "w", encoding="utf-8") as f:
         ^^^^^^^^^^^^^^^^^^^^^^^^^^^^^^^^^^^^^^^^^^^^^^^^^^^^^^^^^^^^^^^^^^^^^^^^^^^^^^^^
OSError: [Errno 22] Invalid argument: 'html/admin/iphone 12\r.html'
2023-09-26 11:34:16 [scrapy] ERROR: Spider error processing <GET https://www.google.com/search?q=apple%0D&hl=en&gl=DK&start=0> (referer: None)
Traceback (most recent call last):
  File "C:\Users\Muhammad Umer\AppData\Local\Programs\Python\Python311\Lib\site-packages\scrapy\utils\defer.py", line 257, in iter_errback
    yield next(it)
          ^^^^^^^^
  File "C:\Users\Muhammad Umer\AppData\Local\Programs\Python\Python311\Lib\site-packages\scrapy\utils\python.py", line 312, in __next__
    return next(self.data)
           ^^^^^^^^^^^^^^^
  File "C:\Users\Muhammad Umer\AppData\Local\Programs\Python\Python311\Lib\site-packages\scrapy\utils\python.py", line 312, in __next__
    return next(self.data)
           ^^^^^^^^^^^^^^^
  File "C:\Users\Muhammad Umer\AppData\Local\Programs\Python\Python311\Lib\site-packages\scrapy\core\spidermw.py", line 104, in process_sync
    for r in iterable:
  File "C:\Users\Muhammad Umer\AppData\Local\Programs\Python\Python311\Lib\site-packages\scrapy\spidermiddlewares\offsite.py", line 28, in <genexpr>
    return (r for r in result or () if self._filter(r, spider))
           ^^^^^^^^^^^^^^^^^^^^^^^^^^^^^^^^^^^^^^^^^^^^^^^^^^^^
  File "C:\Users\Muhammad Umer\AppData\Local\Programs\Python\Python311\Lib\site-packages\scrapy\core\spidermw.py", line 104, in process_sync
    for r in iterable:
  File "C:\Users\Muhammad Umer\AppData\Local\Programs\Python\Python311\Lib\site-packages\scrapy\spidermiddlewares\referer.py", line 353, in <genexpr>
    return (self._set_referer(r, response) for r in result or ())
           ^^^^^^^^^^^^^^^^^^^^^^^^^^^^^^^^^^^^^^^^^^^^^^^^^^^^^^
  File "C:\Users\Muhammad Umer\AppData\Local\Programs\Python\Python311\Lib\site-packages\scrapy\core\spidermw.py", line 104, in process_sync
    for r in iterable:
  File "C:\Users\Muhammad Umer\AppData\Local\Programs\Python\Python311\Lib\site-packages\scrapy\spidermiddlewares\urllength.py", line 27, in <genexpr>
    return (r for r in result or () if self._filter(r, spider))
           ^^^^^^^^^^^^^^^^^^^^^^^^^^^^^^^^^^^^^^^^^^^^^^^^^^^^
  File "C:\Users\Muhammad Umer\AppData\Local\Programs\Python\Python311\Lib\site-packages\scrapy\core\spidermw.py", line 104, in process_sync
    for r in iterable:
  File "C:\Users\Muhammad Umer\AppData\Local\Programs\Python\Python311\Lib\site-packages\scrapy\spidermiddlewares\depth.py", line 31, in <genexpr>
    return (r for r in result or () if self._filter(r, response, spider))
           ^^^^^^^^^^^^^^^^^^^^^^^^^^^^^^^^^^^^^^^^^^^^^^^^^^^^^^^^^^^^^^
  File "C:\Users\Muhammad Umer\AppData\Local\Programs\Python\Python311\Lib\site-packages\scrapy\core\spidermw.py", line 104, in process_sync
    for r in iterable:
  File "D:\Outputs\Django Outputs\scraper\spiders\plaspider.py", line 65, in parse
    with open(f'html/{self.user}/{response.meta["keyword"]}.html', "w", encoding="utf-8") as f:
         ^^^^^^^^^^^^^^^^^^^^^^^^^^^^^^^^^^^^^^^^^^^^^^^^^^^^^^^^^^^^^^^^^^^^^^^^^^^^^^^^
OSError: [Errno 22] Invalid argument: 'html/admin/apple\r.html'
2023-09-26 11:34:17 [scrapy] DEBUG: Crawled (200) <GET https://www.google.com/search?q=ps5%0D&hl=en&gl=DK&start=0> (referer: None)
2023-09-26 11:34:17 [scrapy] DEBUG: Redirecting (302) to <GET https://www.google.com/webhp?hl=en&gl=DK&start=0> from <GET https://www.google.com/search?q=&hl=en&gl=DK&start=0>
2023-09-26 11:34:17 [scrapy] DEBUG: Crawled (200) <GET https://www.google.com/search?q=iphone+14%0D&hl=en&gl=DK&start=0> (referer: None)
2023-09-26 11:34:17 [scrapy] ERROR: Spider error processing <GET https://www.google.com/search?q=ps5%0D&hl=en&gl=DK&start=0> (referer: None)
Traceback (most recent call last):
  File "C:\Users\Muhammad Umer\AppData\Local\Programs\Python\Python311\Lib\site-packages\scrapy\utils\defer.py", line 257, in iter_errback
    yield next(it)
          ^^^^^^^^
  File "C:\Users\Muhammad Umer\AppData\Local\Programs\Python\Python311\Lib\site-packages\scrapy\utils\python.py", line 312, in __next__
    return next(self.data)
           ^^^^^^^^^^^^^^^
  File "C:\Users\Muhammad Umer\AppData\Local\Programs\Python\Python311\Lib\site-packages\scrapy\utils\python.py", line 312, in __next__
    return next(self.data)
           ^^^^^^^^^^^^^^^
  File "C:\Users\Muhammad Umer\AppData\Local\Programs\Python\Python311\Lib\site-packages\scrapy\core\spidermw.py", line 104, in process_sync
    for r in iterable:
  File "C:\Users\Muhammad Umer\AppData\Local\Programs\Python\Python311\Lib\site-packages\scrapy\spidermiddlewares\offsite.py", line 28, in <genexpr>
    return (r for r in result or () if self._filter(r, spider))
           ^^^^^^^^^^^^^^^^^^^^^^^^^^^^^^^^^^^^^^^^^^^^^^^^^^^^
  File "C:\Users\Muhammad Umer\AppData\Local\Programs\Python\Python311\Lib\site-packages\scrapy\core\spidermw.py", line 104, in process_sync
    for r in iterable:
  File "C:\Users\Muhammad Umer\AppData\Local\Programs\Python\Python311\Lib\site-packages\scrapy\spidermiddlewares\referer.py", line 353, in <genexpr>
    return (self._set_referer(r, response) for r in result or ())
           ^^^^^^^^^^^^^^^^^^^^^^^^^^^^^^^^^^^^^^^^^^^^^^^^^^^^^^
  File "C:\Users\Muhammad Umer\AppData\Local\Programs\Python\Python311\Lib\site-packages\scrapy\core\spidermw.py", line 104, in process_sync
    for r in iterable:
  File "C:\Users\Muhammad Umer\AppData\Local\Programs\Python\Python311\Lib\site-packages\scrapy\spidermiddlewares\urllength.py", line 27, in <genexpr>
    return (r for r in result or () if self._filter(r, spider))
           ^^^^^^^^^^^^^^^^^^^^^^^^^^^^^^^^^^^^^^^^^^^^^^^^^^^^
  File "C:\Users\Muhammad Umer\AppData\Local\Programs\Python\Python311\Lib\site-packages\scrapy\core\spidermw.py", line 104, in process_sync
    for r in iterable:
  File "C:\Users\Muhammad Umer\AppData\Local\Programs\Python\Python311\Lib\site-packages\scrapy\spidermiddlewares\depth.py", line 31, in <genexpr>
    return (r for r in result or () if self._filter(r, response, spider))
           ^^^^^^^^^^^^^^^^^^^^^^^^^^^^^^^^^^^^^^^^^^^^^^^^^^^^^^^^^^^^^^
  File "C:\Users\Muhammad Umer\AppData\Local\Programs\Python\Python311\Lib\site-packages\scrapy\core\spidermw.py", line 104, in process_sync
    for r in iterable:
  File "D:\Outputs\Django Outputs\scraper\spiders\plaspider.py", line 65, in parse
    with open(f'html/{self.user}/{response.meta["keyword"]}.html', "w", encoding="utf-8") as f:
         ^^^^^^^^^^^^^^^^^^^^^^^^^^^^^^^^^^^^^^^^^^^^^^^^^^^^^^^^^^^^^^^^^^^^^^^^^^^^^^^^
OSError: [Errno 22] Invalid argument: 'html/admin/ps5\r.html'
2023-09-26 11:34:17 [scrapy] ERROR: Spider error processing <GET https://www.google.com/search?q=iphone+14%0D&hl=en&gl=DK&start=0> (referer: None)
Traceback (most recent call last):
  File "C:\Users\Muhammad Umer\AppData\Local\Programs\Python\Python311\Lib\site-packages\scrapy\utils\defer.py", line 257, in iter_errback
    yield next(it)
          ^^^^^^^^
  File "C:\Users\Muhammad Umer\AppData\Local\Programs\Python\Python311\Lib\site-packages\scrapy\utils\python.py", line 312, in __next__
    return next(self.data)
           ^^^^^^^^^^^^^^^
  File "C:\Users\Muhammad Umer\AppData\Local\Programs\Python\Python311\Lib\site-packages\scrapy\utils\python.py", line 312, in __next__
    return next(self.data)
           ^^^^^^^^^^^^^^^
  File "C:\Users\Muhammad Umer\AppData\Local\Programs\Python\Python311\Lib\site-packages\scrapy\core\spidermw.py", line 104, in process_sync
    for r in iterable:
  File "C:\Users\Muhammad Umer\AppData\Local\Programs\Python\Python311\Lib\site-packages\scrapy\spidermiddlewares\offsite.py", line 28, in <genexpr>
    return (r for r in result or () if self._filter(r, spider))
           ^^^^^^^^^^^^^^^^^^^^^^^^^^^^^^^^^^^^^^^^^^^^^^^^^^^^
  File "C:\Users\Muhammad Umer\AppData\Local\Programs\Python\Python311\Lib\site-packages\scrapy\core\spidermw.py", line 104, in process_sync
    for r in iterable:
  File "C:\Users\Muhammad Umer\AppData\Local\Programs\Python\Python311\Lib\site-packages\scrapy\spidermiddlewares\referer.py", line 353, in <genexpr>
    return (self._set_referer(r, response) for r in result or ())
           ^^^^^^^^^^^^^^^^^^^^^^^^^^^^^^^^^^^^^^^^^^^^^^^^^^^^^^
  File "C:\Users\Muhammad Umer\AppData\Local\Programs\Python\Python311\Lib\site-packages\scrapy\core\spidermw.py", line 104, in process_sync
    for r in iterable:
  File "C:\Users\Muhammad Umer\AppData\Local\Programs\Python\Python311\Lib\site-packages\scrapy\spidermiddlewares\urllength.py", line 27, in <genexpr>
    return (r for r in result or () if self._filter(r, spider))
           ^^^^^^^^^^^^^^^^^^^^^^^^^^^^^^^^^^^^^^^^^^^^^^^^^^^^
  File "C:\Users\Muhammad Umer\AppData\Local\Programs\Python\Python311\Lib\site-packages\scrapy\core\spidermw.py", line 104, in process_sync
    for r in iterable:
  File "C:\Users\Muhammad Umer\AppData\Local\Programs\Python\Python311\Lib\site-packages\scrapy\spidermiddlewares\depth.py", line 31, in <genexpr>
    return (r for r in result or () if self._filter(r, response, spider))
           ^^^^^^^^^^^^^^^^^^^^^^^^^^^^^^^^^^^^^^^^^^^^^^^^^^^^^^^^^^^^^^
  File "C:\Users\Muhammad Umer\AppData\Local\Programs\Python\Python311\Lib\site-packages\scrapy\core\spidermw.py", line 104, in process_sync
    for r in iterable:
  File "D:\Outputs\Django Outputs\scraper\spiders\plaspider.py", line 65, in parse
    with open(f'html/{self.user}/{response.meta["keyword"]}.html', "w", encoding="utf-8") as f:
         ^^^^^^^^^^^^^^^^^^^^^^^^^^^^^^^^^^^^^^^^^^^^^^^^^^^^^^^^^^^^^^^^^^^^^^^^^^^^^^^^
OSError: [Errno 22] Invalid argument: 'html/admin/iphone 14\r.html'
2023-09-26 11:34:17 [scrapy] DEBUG: Crawled (200) <GET https://www.google.com/search?q=iphon+15%0D&hl=en&gl=DK&start=0> (referer: None)
2023-09-26 11:34:17 [scrapy] ERROR: Spider error processing <GET https://www.google.com/search?q=iphon+15%0D&hl=en&gl=DK&start=0> (referer: None)
Traceback (most recent call last):
  File "C:\Users\Muhammad Umer\AppData\Local\Programs\Python\Python311\Lib\site-packages\scrapy\utils\defer.py", line 257, in iter_errback
    yield next(it)
          ^^^^^^^^
  File "C:\Users\Muhammad Umer\AppData\Local\Programs\Python\Python311\Lib\site-packages\scrapy\utils\python.py", line 312, in __next__
    return next(self.data)
           ^^^^^^^^^^^^^^^
  File "C:\Users\Muhammad Umer\AppData\Local\Programs\Python\Python311\Lib\site-packages\scrapy\utils\python.py", line 312, in __next__
    return next(self.data)
           ^^^^^^^^^^^^^^^
  File "C:\Users\Muhammad Umer\AppData\Local\Programs\Python\Python311\Lib\site-packages\scrapy\core\spidermw.py", line 104, in process_sync
    for r in iterable:
  File "C:\Users\Muhammad Umer\AppData\Local\Programs\Python\Python311\Lib\site-packages\scrapy\spidermiddlewares\offsite.py", line 28, in <genexpr>
    return (r for r in result or () if self._filter(r, spider))
           ^^^^^^^^^^^^^^^^^^^^^^^^^^^^^^^^^^^^^^^^^^^^^^^^^^^^
  File "C:\Users\Muhammad Umer\AppData\Local\Programs\Python\Python311\Lib\site-packages\scrapy\core\spidermw.py", line 104, in process_sync
    for r in iterable:
  File "C:\Users\Muhammad Umer\AppData\Local\Programs\Python\Python311\Lib\site-packages\scrapy\spidermiddlewares\referer.py", line 353, in <genexpr>
    return (self._set_referer(r, response) for r in result or ())
           ^^^^^^^^^^^^^^^^^^^^^^^^^^^^^^^^^^^^^^^^^^^^^^^^^^^^^^
  File "C:\Users\Muhammad Umer\AppData\Local\Programs\Python\Python311\Lib\site-packages\scrapy\core\spidermw.py", line 104, in process_sync
    for r in iterable:
  File "C:\Users\Muhammad Umer\AppData\Local\Programs\Python\Python311\Lib\site-packages\scrapy\spidermiddlewares\urllength.py", line 27, in <genexpr>
    return (r for r in result or () if self._filter(r, spider))
           ^^^^^^^^^^^^^^^^^^^^^^^^^^^^^^^^^^^^^^^^^^^^^^^^^^^^
  File "C:\Users\Muhammad Umer\AppData\Local\Programs\Python\Python311\Lib\site-packages\scrapy\core\spidermw.py", line 104, in process_sync
    for r in iterable:
  File "C:\Users\Muhammad Umer\AppData\Local\Programs\Python\Python311\Lib\site-packages\scrapy\spidermiddlewares\depth.py", line 31, in <genexpr>
    return (r for r in result or () if self._filter(r, response, spider))
           ^^^^^^^^^^^^^^^^^^^^^^^^^^^^^^^^^^^^^^^^^^^^^^^^^^^^^^^^^^^^^^
  File "C:\Users\Muhammad Umer\AppData\Local\Programs\Python\Python311\Lib\site-packages\scrapy\core\spidermw.py", line 104, in process_sync
    for r in iterable:
  File "D:\Outputs\Django Outputs\scraper\spiders\plaspider.py", line 65, in parse
    with open(f'html/{self.user}/{response.meta["keyword"]}.html', "w", encoding="utf-8") as f:
         ^^^^^^^^^^^^^^^^^^^^^^^^^^^^^^^^^^^^^^^^^^^^^^^^^^^^^^^^^^^^^^^^^^^^^^^^^^^^^^^^
OSError: [Errno 22] Invalid argument: 'html/admin/iphon 15\r.html'
2023-09-26 11:34:18 [scrapy] DEBUG: Crawled (200) <GET https://www.google.com/search?q=iphone+13%0D&hl=en&gl=DK&start=0> (referer: None)
2023-09-26 11:34:18 [scrapy] ERROR: Spider error processing <GET https://www.google.com/search?q=iphone+13%0D&hl=en&gl=DK&start=0> (referer: None)
Traceback (most recent call last):
  File "C:\Users\Muhammad Umer\AppData\Local\Programs\Python\Python311\Lib\site-packages\scrapy\utils\defer.py", line 257, in iter_errback
    yield next(it)
          ^^^^^^^^
  File "C:\Users\Muhammad Umer\AppData\Local\Programs\Python\Python311\Lib\site-packages\scrapy\utils\python.py", line 312, in __next__
    return next(self.data)
           ^^^^^^^^^^^^^^^
  File "C:\Users\Muhammad Umer\AppData\Local\Programs\Python\Python311\Lib\site-packages\scrapy\utils\python.py", line 312, in __next__
    return next(self.data)
           ^^^^^^^^^^^^^^^
  File "C:\Users\Muhammad Umer\AppData\Local\Programs\Python\Python311\Lib\site-packages\scrapy\core\spidermw.py", line 104, in process_sync
    for r in iterable:
  File "C:\Users\Muhammad Umer\AppData\Local\Programs\Python\Python311\Lib\site-packages\scrapy\spidermiddlewares\offsite.py", line 28, in <genexpr>
    return (r for r in result or () if self._filter(r, spider))
           ^^^^^^^^^^^^^^^^^^^^^^^^^^^^^^^^^^^^^^^^^^^^^^^^^^^^
  File "C:\Users\Muhammad Umer\AppData\Local\Programs\Python\Python311\Lib\site-packages\scrapy\core\spidermw.py", line 104, in process_sync
    for r in iterable:
  File "C:\Users\Muhammad Umer\AppData\Local\Programs\Python\Python311\Lib\site-packages\scrapy\spidermiddlewares\referer.py", line 353, in <genexpr>
    return (self._set_referer(r, response) for r in result or ())
           ^^^^^^^^^^^^^^^^^^^^^^^^^^^^^^^^^^^^^^^^^^^^^^^^^^^^^^
  File "C:\Users\Muhammad Umer\AppData\Local\Programs\Python\Python311\Lib\site-packages\scrapy\core\spidermw.py", line 104, in process_sync
    for r in iterable:
  File "C:\Users\Muhammad Umer\AppData\Local\Programs\Python\Python311\Lib\site-packages\scrapy\spidermiddlewares\urllength.py", line 27, in <genexpr>
    return (r for r in result or () if self._filter(r, spider))
           ^^^^^^^^^^^^^^^^^^^^^^^^^^^^^^^^^^^^^^^^^^^^^^^^^^^^
  File "C:\Users\Muhammad Umer\AppData\Local\Programs\Python\Python311\Lib\site-packages\scrapy\core\spidermw.py", line 104, in process_sync
    for r in iterable:
  File "C:\Users\Muhammad Umer\AppData\Local\Programs\Python\Python311\Lib\site-packages\scrapy\spidermiddlewares\depth.py", line 31, in <genexpr>
    return (r for r in result or () if self._filter(r, response, spider))
           ^^^^^^^^^^^^^^^^^^^^^^^^^^^^^^^^^^^^^^^^^^^^^^^^^^^^^^^^^^^^^^
  File "C:\Users\Muhammad Umer\AppData\Local\Programs\Python\Python311\Lib\site-packages\scrapy\core\spidermw.py", line 104, in process_sync
    for r in iterable:
  File "D:\Outputs\Django Outputs\scraper\spiders\plaspider.py", line 65, in parse
    with open(f'html/{self.user}/{response.meta["keyword"]}.html', "w", encoding="utf-8") as f:
         ^^^^^^^^^^^^^^^^^^^^^^^^^^^^^^^^^^^^^^^^^^^^^^^^^^^^^^^^^^^^^^^^^^^^^^^^^^^^^^^^
OSError: [Errno 22] Invalid argument: 'html/admin/iphone 13\r.html'
2023-09-26 11:34:18 [scrapy] DEBUG: Crawled (200) <GET https://www.google.com/webhp?hl=en&gl=DK&start=0> (referer: None)
2023-09-26 11:34:18 [scrapy] DEBUG: Crawled (200) <GET https://www.google.com/search?q=earbuds%0D&hl=en&gl=DK&start=0> (referer: None)
2023-09-26 11:34:18 [scrapy] ERROR: Spider error processing <GET https://www.google.com/search?q=earbuds%0D&hl=en&gl=DK&start=0> (referer: None)
Traceback (most recent call last):
  File "C:\Users\Muhammad Umer\AppData\Local\Programs\Python\Python311\Lib\site-packages\scrapy\utils\defer.py", line 257, in iter_errback
    yield next(it)
          ^^^^^^^^
  File "C:\Users\Muhammad Umer\AppData\Local\Programs\Python\Python311\Lib\site-packages\scrapy\utils\python.py", line 312, in __next__
    return next(self.data)
           ^^^^^^^^^^^^^^^
  File "C:\Users\Muhammad Umer\AppData\Local\Programs\Python\Python311\Lib\site-packages\scrapy\utils\python.py", line 312, in __next__
    return next(self.data)
           ^^^^^^^^^^^^^^^
  File "C:\Users\Muhammad Umer\AppData\Local\Programs\Python\Python311\Lib\site-packages\scrapy\core\spidermw.py", line 104, in process_sync
    for r in iterable:
  File "C:\Users\Muhammad Umer\AppData\Local\Programs\Python\Python311\Lib\site-packages\scrapy\spidermiddlewares\offsite.py", line 28, in <genexpr>
    return (r for r in result or () if self._filter(r, spider))
           ^^^^^^^^^^^^^^^^^^^^^^^^^^^^^^^^^^^^^^^^^^^^^^^^^^^^
  File "C:\Users\Muhammad Umer\AppData\Local\Programs\Python\Python311\Lib\site-packages\scrapy\core\spidermw.py", line 104, in process_sync
    for r in iterable:
  File "C:\Users\Muhammad Umer\AppData\Local\Programs\Python\Python311\Lib\site-packages\scrapy\spidermiddlewares\referer.py", line 353, in <genexpr>
    return (self._set_referer(r, response) for r in result or ())
           ^^^^^^^^^^^^^^^^^^^^^^^^^^^^^^^^^^^^^^^^^^^^^^^^^^^^^^
  File "C:\Users\Muhammad Umer\AppData\Local\Programs\Python\Python311\Lib\site-packages\scrapy\core\spidermw.py", line 104, in process_sync
    for r in iterable:
  File "C:\Users\Muhammad Umer\AppData\Local\Programs\Python\Python311\Lib\site-packages\scrapy\spidermiddlewares\urllength.py", line 27, in <genexpr>
    return (r for r in result or () if self._filter(r, spider))
           ^^^^^^^^^^^^^^^^^^^^^^^^^^^^^^^^^^^^^^^^^^^^^^^^^^^^
  File "C:\Users\Muhammad Umer\AppData\Local\Programs\Python\Python311\Lib\site-packages\scrapy\core\spidermw.py", line 104, in process_sync
    for r in iterable:
  File "C:\Users\Muhammad Umer\AppData\Local\Programs\Python\Python311\Lib\site-packages\scrapy\spidermiddlewares\depth.py", line 31, in <genexpr>
    return (r for r in result or () if self._filter(r, response, spider))
           ^^^^^^^^^^^^^^^^^^^^^^^^^^^^^^^^^^^^^^^^^^^^^^^^^^^^^^^^^^^^^^
  File "C:\Users\Muhammad Umer\AppData\Local\Programs\Python\Python311\Lib\site-packages\scrapy\core\spidermw.py", line 104, in process_sync
    for r in iterable:
  File "D:\Outputs\Django Outputs\scraper\spiders\plaspider.py", line 65, in parse
    with open(f'html/{self.user}/{response.meta["keyword"]}.html', "w", encoding="utf-8") as f:
         ^^^^^^^^^^^^^^^^^^^^^^^^^^^^^^^^^^^^^^^^^^^^^^^^^^^^^^^^^^^^^^^^^^^^^^^^^^^^^^^^
OSError: [Errno 22] Invalid argument: 'html/admin/earbuds\r.html'
2023-09-26 11:34:23 [scrapy] DEBUG: Crawled (200) <GET https://www.google.com/search?q=macbook%0D&hl=en&gl=DK&start=0> (referer: None)
2023-09-26 11:34:24 [scrapy] ERROR: Spider error processing <GET https://www.google.com/search?q=macbook%0D&hl=en&gl=DK&start=0> (referer: None)
Traceback (most recent call last):
  File "C:\Users\Muhammad Umer\AppData\Local\Programs\Python\Python311\Lib\site-packages\scrapy\utils\defer.py", line 257, in iter_errback
    yield next(it)
          ^^^^^^^^
  File "C:\Users\Muhammad Umer\AppData\Local\Programs\Python\Python311\Lib\site-packages\scrapy\utils\python.py", line 312, in __next__
    return next(self.data)
           ^^^^^^^^^^^^^^^
  File "C:\Users\Muhammad Umer\AppData\Local\Programs\Python\Python311\Lib\site-packages\scrapy\utils\python.py", line 312, in __next__
    return next(self.data)
           ^^^^^^^^^^^^^^^
  File "C:\Users\Muhammad Umer\AppData\Local\Programs\Python\Python311\Lib\site-packages\scrapy\core\spidermw.py", line 104, in process_sync
    for r in iterable:
  File "C:\Users\Muhammad Umer\AppData\Local\Programs\Python\Python311\Lib\site-packages\scrapy\spidermiddlewares\offsite.py", line 28, in <genexpr>
    return (r for r in result or () if self._filter(r, spider))
           ^^^^^^^^^^^^^^^^^^^^^^^^^^^^^^^^^^^^^^^^^^^^^^^^^^^^
  File "C:\Users\Muhammad Umer\AppData\Local\Programs\Python\Python311\Lib\site-packages\scrapy\core\spidermw.py", line 104, in process_sync
    for r in iterable:
  File "C:\Users\Muhammad Umer\AppData\Local\Programs\Python\Python311\Lib\site-packages\scrapy\spidermiddlewares\referer.py", line 353, in <genexpr>
    return (self._set_referer(r, response) for r in result or ())
           ^^^^^^^^^^^^^^^^^^^^^^^^^^^^^^^^^^^^^^^^^^^^^^^^^^^^^^
  File "C:\Users\Muhammad Umer\AppData\Local\Programs\Python\Python311\Lib\site-packages\scrapy\core\spidermw.py", line 104, in process_sync
    for r in iterable:
  File "C:\Users\Muhammad Umer\AppData\Local\Programs\Python\Python311\Lib\site-packages\scrapy\spidermiddlewares\urllength.py", line 27, in <genexpr>
    return (r for r in result or () if self._filter(r, spider))
           ^^^^^^^^^^^^^^^^^^^^^^^^^^^^^^^^^^^^^^^^^^^^^^^^^^^^
  File "C:\Users\Muhammad Umer\AppData\Local\Programs\Python\Python311\Lib\site-packages\scrapy\core\spidermw.py", line 104, in process_sync
    for r in iterable:
  File "C:\Users\Muhammad Umer\AppData\Local\Programs\Python\Python311\Lib\site-packages\scrapy\spidermiddlewares\depth.py", line 31, in <genexpr>
    return (r for r in result or () if self._filter(r, response, spider))
           ^^^^^^^^^^^^^^^^^^^^^^^^^^^^^^^^^^^^^^^^^^^^^^^^^^^^^^^^^^^^^^
  File "C:\Users\Muhammad Umer\AppData\Local\Programs\Python\Python311\Lib\site-packages\scrapy\core\spidermw.py", line 104, in process_sync
    for r in iterable:
  File "D:\Outputs\Django Outputs\scraper\spiders\plaspider.py", line 65, in parse
    with open(f'html/{self.user}/{response.meta["keyword"]}.html', "w", encoding="utf-8") as f:
         ^^^^^^^^^^^^^^^^^^^^^^^^^^^^^^^^^^^^^^^^^^^^^^^^^^^^^^^^^^^^^^^^^^^^^^^^^^^^^^^^
OSError: [Errno 22] Invalid argument: 'html/admin/macbook\r.html'
2023-09-26 11:34:24 [scrapy] INFO: Closing spider (finished)
2023-09-26 11:34:24 [scrapy] INFO: Dumping Scrapy stats:
{'downloader/request_bytes': 4494,
 'downloader/request_count': 10,
 'downloader/request_method_count/GET': 10,
 'downloader/response_bytes': 2106506,
 'downloader/response_count': 10,
 'downloader/response_status_count/200': 9,
 'downloader/response_status_count/302': 1,
 'elapsed_time_seconds': 10.456023,
 'finish_reason': 'finished',
 'finish_time': datetime.datetime(2023, 9, 26, 6, 34, 24, 34971),
 'httpcompression/response_bytes': 7733607,
 'httpcompression/response_count': 9,
 'log_count/DEBUG': 10,
 'log_count/ERROR': 8,
 'log_count/INFO': 8,
 'response_received_count': 9,
 'scheduler/dequeued': 10,
 'scheduler/dequeued/memory': 10,
 'scheduler/enqueued': 10,
 'scheduler/enqueued/memory': 10,
 'spider_exceptions/OSError': 8,
 'start_time': datetime.datetime(2023, 9, 26, 6, 34, 13, 578948)}
2023-09-26 11:34:24 [scrapy] INFO: Spider closed (finished)
