2023-09-22 22:16:47 [scrapy] DEBUG: Crawled (200) <GET https://www.google.com/search?q=iphone+14&hl=en&gl=DK&start=0> (referer: None)
2023-09-22 22:16:48 [scrapy] DEBUG: Scraped from <200 https://www.google.com/search?q=iphone+14&hl=en&gl=DK&start=0>
{'country': 'DK',
 'keyword': 'iphone 14',
 'position': 1,
 'price': '6.299,00\xa0kr.',
 'product_url': 'https://www.foetex.dk/produkter/iphone-14-128gb-midnight/200162606/',
 'title': '"iPhone 14 128GB - Midnight"',
 'url': 'foetex.dk',
 'user_id': 'admin'}
2023-09-22 22:16:48 [scrapy] DEBUG: Scraped from <200 https://www.google.com/search?q=iphone+14&hl=en&gl=DK&start=0>
{'country': 'DK',
 'keyword': 'iphone 14',
 'position': 2,
 'price': '6.666,00\xa0kr.',
 'product_url': 'https://www.proshop.dk/Mobil/Apple-iPhone-14-5G-128GB-Midnight/3104588?utm_source=google&utm_medium=cpc&utm_campaign=searchengine',
 'title': 'Apple iPhone 14 5G 128GB - Midnight, Mobiltelefon',
 'url': 'proshop.dk',
 'user_id': 'admin'}
2023-09-22 22:16:48 [scrapy] DEBUG: Scraped from <200 https://www.google.com/search?q=iphone+14&hl=en&gl=DK&start=0>
{'country': 'DK',
 'keyword': 'iphone 14',
 'position': 3,
 'price': '7.149,00\xa0kr.',
 'product_url': 'https://www.elgiganten.dk/product/mobil-tablet-smartwatch/mobiltelefon/iphone-14-5g-smartphone-128gb-midnight/522692',
 'title': 'iPhone 14 – 5G smartphone 128GB Midnight',
 'url': 'elgiganten.dk',
 'user_id': 'admin'}
2023-09-22 22:16:48 [scrapy] DEBUG: Scraped from <200 https://www.google.com/search?q=iphone+14&hl=en&gl=DK&start=0>
{'country': 'DK',
 'keyword': 'iphone 14',
 'position': 4,
 'price': '5.665,99\xa0kr.',
 'product_url': 'https://www.refurbed.dk/p/iphone-14/?co=dk&utm_cluster=gradeA&utm_content=iphone-14&utm_group=iphone-14',
 'title': 'iPhone 14',
 'url': 'refurbed.dk',
 'user_id': 'admin'}
2023-09-22 22:16:48 [scrapy] DEBUG: Scraped from <200 https://www.google.com/search?q=iphone+14&hl=en&gl=DK&start=0>
{'country': 'DK',
 'keyword': 'iphone 14',
 'position': 5,
 'price': '5.281,00\xa0kr.',
 'product_url': 'https://yousee.dk/mobil/mobiltelefoner/apple/iphone-14/1468/mobil_80/kontant/',
 'title': 'Apple iPhone 14 128 GB Midnat med abonnementsaftale. Mindstepris '
          '6.595,00 kr.',
 'url': 'yousee.dk',
 'user_id': 'admin'}
2023-09-22 22:16:48 [scrapy] DEBUG: Scraped from <200 https://www.google.com/search?q=iphone+14&hl=en&gl=DK&start=0>
{'country': 'DK',
 'keyword': 'iphone 14',
 'position': 6,
 'price': '5.729,00\xa0kr.',
 'product_url': 'https://swappie.com/dk/iphone/iphone-14/iphone-14-128gb-bla-18/',
 'title': 'iPhone 14 128GB Blå Apple',
 'url': 'swappie.com',
 'user_id': 'admin'}
2023-09-22 22:16:48 [scrapy] DEBUG: Scraped from <200 https://www.google.com/search?q=iphone+14&hl=en&gl=DK&start=0>
{'country': 'DK',
 'keyword': 'iphone 14',
 'position': 7,
 'price': '5.665,99\xa0kr.',
 'product_url': 'https://www.refurbed.dk/p/iphone-14/40940b/?co=dk&utm_cluster=gradeB&utm_content=iphone-14-40940b&utm_group=iphone-14',
 'title': 'iPhone 14 | 128 GB | Dual-SIM | Midnat',
 'url': 'refurbed.dk',
 'user_id': 'admin'}
2023-09-22 22:16:49 [scrapy] DEBUG: Scraped from <200 https://www.google.com/search?q=iphone+14&hl=en&gl=DK&start=0>
{'country': 'DK',
 'keyword': 'iphone 14',
 'position': 8,
 'price': '6.656,00\xa0kr.',
 'product_url': 'https://www.power.dk/mobil-og-foto/mobiltelefoner/apple-iphone-14-128-gb-midnat/p-1803962/',
 'title': 'APPLE IPHONE 14 128 GB MIDNAT',
 'url': 'power.dk',
 'user_id': 'admin'}
2023-09-22 22:16:49 [scrapy] DEBUG: Scraped from <200 https://www.google.com/search?q=iphone+14&hl=en&gl=DK&start=0>
{'country': 'DK',
 'keyword': 'iphone 14',
 'position': 9,
 'price': '5.496,00\xa0kr.',
 'product_url': 'https://www.telmore.dk/shop/mobiltelefoner/Apple/iphone-14?cid=_semt_terminal_terminal_Shopping_Shopping_u0617',
 'title': 'Apple iPhone 14 128 GB - Midnight. Mindstepris 7.290,00 kr.',
 'url': 'telmore.dk',
 'user_id': 'admin'}
2023-09-22 22:16:49 [scrapy] INFO: Closing spider (finished)
2023-09-22 22:16:49 [scrapy] INFO: Dumping Scrapy stats:
{'downloader/request_bytes': 422,
 'downloader/request_count': 1,
 'downloader/request_method_count/GET': 1,
 'downloader/response_bytes': 199126,
 'downloader/response_count': 1,
 'downloader/response_status_count/200': 1,
 'elapsed_time_seconds': 25.615467,
 'finish_reason': 'finished',
 'finish_time': datetime.datetime(2023, 9, 22, 17, 16, 49, 167865),
 'httpcompression/response_bytes': 713346,
 'httpcompression/response_count': 1,
 'item_scraped_count': 9,
 'log_count/DEBUG': 10,
 'log_count/INFO': 8,
 'response_received_count': 1,
 'scheduler/dequeued': 1,
 'scheduler/dequeued/memory': 1,
 'scheduler/enqueued': 1,
 'scheduler/enqueued/memory': 1,
 'start_time': datetime.datetime(2023, 9, 22, 17, 16, 23, 552398)}
2023-09-22 22:16:49 [scrapy] INFO: Spider closed (finished)
