2023-09-08 08:40:44 [scrapy] DEBUG: Crawled (200) <GET https://www.google.com/search?q=iphone+14&hl=en&gl=DK&start=0> (referer: None)
2023-09-08 08:40:44 [scrapy] DEBUG: Scraped from <200 https://www.google.com/search?q=iphone+14&hl=en&gl=DK&start=0>
None
2023-09-08 08:40:44 [scrapy] DEBUG: Scraped from <200 https://www.google.com/search?q=iphone+14&hl=en&gl=DK&start=0>
None
2023-09-08 08:40:44 [scrapy] DEBUG: Scraped from <200 https://www.google.com/search?q=iphone+14&hl=en&gl=DK&start=0>
None
2023-09-08 08:40:44 [scrapy] DEBUG: Scraped from <200 https://www.google.com/search?q=iphone+14&hl=en&gl=DK&start=0>
None
2023-09-08 08:40:44 [scrapy] DEBUG: Scraped from <200 https://www.google.com/search?q=iphone+14&hl=en&gl=DK&start=0>
None
2023-09-08 08:40:44 [scrapy] DEBUG: Scraped from <200 https://www.google.com/search?q=iphone+14&hl=en&gl=DK&start=0>
None
2023-09-08 08:40:44 [scrapy] DEBUG: Scraped from <200 https://www.google.com/search?q=iphone+14&hl=en&gl=DK&start=0>
None
2023-09-08 08:40:44 [scrapy] DEBUG: Scraped from <200 https://www.google.com/search?q=iphone+14&hl=en&gl=DK&start=0>
None
2023-09-08 08:40:44 [scrapy] DEBUG: Scraped from <200 https://www.google.com/search?q=iphone+14&hl=en&gl=DK&start=0>
None
2023-09-08 08:40:44 [scrapy] DEBUG: Scraped from <200 https://www.google.com/search?q=iphone+14&hl=en&gl=DK&start=0>
None
2023-09-08 08:40:44 [scrapy] DEBUG: Scraped from <200 https://www.google.com/search?q=iphone+14&hl=en&gl=DK&start=0>
None
2023-09-08 08:40:44 [scrapy] DEBUG: Scraped from <200 https://www.google.com/search?q=iphone+14&hl=en&gl=DK&start=0>
None
2023-09-08 08:40:44 [scrapy] DEBUG: Scraped from <200 https://www.google.com/search?q=iphone+14&hl=en&gl=DK&start=0>
None
2023-09-08 08:40:44 [scrapy] DEBUG: Scraped from <200 https://www.google.com/search?q=iphone+14&hl=en&gl=DK&start=0>
None
2023-09-08 08:40:44 [scrapy] DEBUG: Scraped from <200 https://www.google.com/search?q=iphone+14&hl=en&gl=DK&start=0>
None
2023-09-08 08:40:44 [scrapy] DEBUG: Scraped from <200 https://www.google.com/search?q=iphone+14&hl=en&gl=DK&start=0>
None
2023-09-08 08:40:44 [scrapy] DEBUG: Scraped from <200 https://www.google.com/search?q=iphone+14&hl=en&gl=DK&start=0>
None
2023-09-08 08:40:44 [scrapy] DEBUG: Scraped from <200 https://www.google.com/search?q=iphone+14&hl=en&gl=DK&start=0>
None
2023-09-08 08:40:44 [scrapy] INFO: Closing spider (finished)
2023-09-08 08:40:44 [scrapy] INFO: Dumping Scrapy stats:
{'downloader/request_bytes': 422,
 'downloader/request_count': 1,
 'downloader/request_method_count/GET': 1,
 'downloader/response_bytes': 247783,
 'downloader/response_count': 1,
 'downloader/response_status_count/200': 1,
 'elapsed_time_seconds': 3.797296,
 'finish_reason': 'finished',
 'finish_time': datetime.datetime(2023, 9, 8, 3, 40, 44, 955936),
 'httpcompression/response_bytes': 954566,
 'httpcompression/response_count': 1,
 'item_scraped_count': 18,
 'log_count/DEBUG': 19,
 'log_count/INFO': 8,
 'response_received_count': 1,
 'scheduler/dequeued': 1,
 'scheduler/dequeued/memory': 1,
 'scheduler/enqueued': 1,
 'scheduler/enqueued/memory': 1,
 'start_time': datetime.datetime(2023, 9, 8, 3, 40, 41, 158640)}
2023-09-08 08:40:44 [scrapy] INFO: Spider closed (finished)
