2023-09-22 22:09:57 [scrapy] DEBUG: Crawled (200) <GET https://www.google.com/search?q=iphone+13&hl=en&gl=DK&start=0> (referer: None)
2023-09-22 22:09:57 [scrapy] DEBUG: Scraped from <200 https://www.google.com/search?q=iphone+13&hl=en&gl=DK&start=0>
{'country': 'DK',
 'keyword': 'iphone 13',
 'position': 1,
 'price': '4.799,00\xa0kr.',
 'product_url': 'https://www.telenor.dk/shop/mobil/apple/apple-iphone-13--128gb-midnight/?cycleCount=none',
 'title': 'Apple iPhone 13 - 128 GB - Midnight med abonnementsaftale. '
          'Mindstepris 6413.00 Kr.',
 'url': 'telenor.dk',
 'user_id': 'admin'}
2023-09-22 22:09:58 [scrapy] DEBUG: Scraped from <200 https://www.google.com/search?q=iphone+13&hl=en&gl=DK&start=0>
{'country': 'DK',
 'keyword': 'iphone 13',
 'position': 2,
 'price': '4.304,99\xa0kr.',
 'product_url': 'https://www.refurbed.dk/p/iphone-13/?co=dk&utm_cluster=gradeB&utm_content=iphone-13&utm_group=iphone-13',
 'title': 'iPhone 13',
 'url': 'refurbed.dk',
 'user_id': 'admin'}
2023-09-22 22:09:58 [scrapy] DEBUG: Scraped from <200 https://www.google.com/search?q=iphone+13&hl=en&gl=DK&start=0>
{'country': 'DK',
 'keyword': 'iphone 13',
 'position': 3,
 'price': '4.459,00\xa0kr.',
 'product_url': 'https://swappie.com/dk/iphone/iphone-13/iphone-13-128gb-bla-7/',
 'title': 'iPhone 13 128GB Blå Apple',
 'url': 'swappie.com',
 'user_id': 'admin'}
2023-09-22 22:09:58 [scrapy] DEBUG: Scraped from <200 https://www.google.com/search?q=iphone+13&hl=en&gl=DK&start=0>
{'country': 'DK',
 'keyword': 'iphone 13',
 'position': 4,
 'price': '6.399,00\xa0kr.',
 'product_url': 'https://www.elgiganten.dk/product/mobil-tablet-smartwatch/mobiltelefon/iphone-13-5g-smartphone-128gb-midnight/361879',
 'title': 'iPhone 13 – 5G smartphone 128GB Midnight',
 'url': 'elgiganten.dk',
 'user_id': 'admin'}
2023-09-22 22:09:58 [scrapy] DEBUG: Scraped from <200 https://www.google.com/search?q=iphone+13&hl=en&gl=DK&start=0>
{'country': 'DK',
 'keyword': 'iphone 13',
 'position': 5,
 'price': '4.304,99\xa0kr.',
 'product_url': 'https://www.refurbed.dk/p/iphone-13/14156c/?co=dk&utm_cluster=gradeC&utm_content=iphone-13-14156c&utm_group=iphone-13',
 'title': 'iPhone 13 | 128 GB | Dual-SIM | pink',
 'url': 'refurbed.dk',
 'user_id': 'admin'}
2023-09-22 22:09:58 [scrapy] DEBUG: Scraped from <200 https://www.google.com/search?q=iphone+13&hl=en&gl=DK&start=0>
{'country': 'DK',
 'keyword': 'iphone 13',
 'position': 6,
 'price': '5.555,00\xa0kr.',
 'product_url': 'https://www.power.dk/mobil-og-foto/mobiltelefoner/apple-iphone-13-128-gb-midnat/p-1204127/',
 'title': 'APPLE IPHONE 13 128 GB MIDNAT',
 'url': 'power.dk',
 'user_id': 'admin'}
2023-09-22 22:09:58 [scrapy] DEBUG: Scraped from <200 https://www.google.com/search?q=iphone+13&hl=en&gl=DK&start=0>
{'country': 'DK',
 'keyword': 'iphone 13',
 'position': 7,
 'price': '4.599,00\xa0kr.',
 'product_url': 'https://www.telia.dk/shop/apple/apple-iphone-13/#/midnight/128-gb/1',
 'title': 'Apple iPhone 13 128GB Midnight. Min.pris: 6.402,00kr. 6 mdr. '
          'binding',
 'url': 'telia.dk',
 'user_id': 'admin'}
2023-09-22 22:09:58 [scrapy] DEBUG: Scraped from <200 https://www.google.com/search?q=iphone+13&hl=en&gl=DK&start=0>
{'country': 'DK',
 'keyword': 'iphone 13',
 'position': 8,
 'price': '4.304,99\xa0kr.',
 'product_url': 'https://www.refurbed.dk/p/iphone-13/14162c/?co=dk&utm_cluster=gradeC&utm_content=iphone-13-14162c&utm_group=iphone-13',
 'title': 'iPhone 13 | 128 GB | Dual-SIM | sort',
 'url': 'refurbed.dk',
 'user_id': 'admin'}
2023-09-22 22:09:58 [scrapy] DEBUG: Scraped from <200 https://www.google.com/search?q=iphone+13&hl=en&gl=DK&start=0>
{'country': 'DK',
 'keyword': 'iphone 13',
 'position': 9,
 'price': '4.295,00\xa0kr.',
 'product_url': 'https://tech24.dk/products/brugt-iphone-13-128gb-som-ny-pink?variant=46819277734216&currency=DKK',
 'title': 'Brugt iPhone 13, 128GB - God stand - Pink - tech24.dk Nej tak',
 'url': 'tech24.dk',
 'user_id': 'admin'}
2023-09-22 22:09:58 [scrapy] INFO: Closing spider (finished)
2023-09-22 22:09:58 [scrapy] INFO: Dumping Scrapy stats:
{'downloader/request_bytes': 422,
 'downloader/request_count': 1,
 'downloader/request_method_count/GET': 1,
 'downloader/response_bytes': 277105,
 'downloader/response_count': 1,
 'downloader/response_status_count/200': 1,
 'elapsed_time_seconds': 5.946166,
 'finish_reason': 'finished',
 'finish_time': datetime.datetime(2023, 9, 22, 17, 9, 58, 867039),
 'httpcompression/response_bytes': 1104302,
 'httpcompression/response_count': 1,
 'item_scraped_count': 9,
 'log_count/DEBUG': 10,
 'log_count/INFO': 8,
 'response_received_count': 1,
 'scheduler/dequeued': 1,
 'scheduler/dequeued/memory': 1,
 'scheduler/enqueued': 1,
 'scheduler/enqueued/memory': 1,
 'start_time': datetime.datetime(2023, 9, 22, 17, 9, 52, 920873)}
2023-09-22 22:09:58 [scrapy] INFO: Spider closed (finished)
