2023-08-20 10:57:55 [scrapy] DEBUG: Crawled (200) <GET https://www.google.com/search?q=dell&hl=en&gl=DK&start=0> (referer: None)
2023-08-20 10:57:55 [scrapy] INFO: Closing spider (finished)
2023-08-20 10:57:55 [scrapy] INFO: Dumping Scrapy stats:
{'downloader/request_bytes': 417,
 'downloader/request_count': 1,
 'downloader/request_method_count/GET': 1,
 'downloader/response_bytes': 185550,
 'downloader/response_count': 1,
 'downloader/response_status_count/200': 1,
 'elapsed_time_seconds': 4.315463,
 'finish_reason': 'finished',
 'finish_time': datetime.datetime(2023, 8, 20, 5, 57, 55, 694904),
 'httpcompression/response_bytes': 622447,
 'httpcompression/response_count': 1,
 'log_count/DEBUG': 1,
 'log_count/INFO': 8,
 'response_received_count': 1,
 'scheduler/dequeued': 1,
 'scheduler/dequeued/memory': 1,
 'scheduler/enqueued': 1,
 'scheduler/enqueued/memory': 1,
 'start_time': datetime.datetime(2023, 8, 20, 5, 57, 51, 379441)}
2023-08-20 10:57:55 [scrapy] INFO: Spider closed (finished)
