2023-08-21 11:18:39 [scrapy] DEBUG: Crawled (200) <GET https://www.google.com/search?q=iphone+14&hl=en&gl=DK&start=0> (referer: None)
2023-08-21 11:18:40 [scrapy] DEBUG: Scraped from <200 https://www.google.com/search?q=iphone+14&hl=en&gl=DK&start=0>
{'country': 'DK',
 'keyword': 'iphone 14',
 'position': 1,
 'price': '6.599,00\xa0kr.',
 'product_url': 'https://www.callme.dk/shop/apple/apple-iphone-14/#/midnight/128-gb/1/1',
 'title': 'Apple iPhone 14 128GB Midnight. Mindstepris: 6762.00 kr. (med '
          'abonnement)',
 'url': 'callme.dk'}
2023-08-21 11:18:40 [scrapy] DEBUG: Scraped from <200 https://www.google.com/search?q=iphone+14&hl=en&gl=DK&start=0>
{'country': 'DK',
 'keyword': 'iphone 14',
 'position': 2,
 'price': '6.399,00\xa0kr.',
 'product_url': 'https://www.power.dk/mobil-og-foto/mobiltelefoner/apple-iphone-14-128-gb-midnat/p-1803962/',
 'title': 'APPLE IPHONE 14 128 GB MIDNAT',
 'url': 'power.dk'}
2023-08-21 11:18:40 [scrapy] DEBUG: Scraped from <200 https://www.google.com/search?q=iphone+14&hl=en&gl=DK&start=0>
{'country': 'DK',
 'keyword': 'iphone 14',
 'position': 3,
 'price': '5.799,00\xa0kr.',
 'product_url': 'https://www.telia.dk/shop/apple/apple-iphone-14/#/midnight/128-gb/1',
 'title': 'Apple iPhone 14 128GB Midnight. Min.pris: 7.602,00kr. 6 mdr. '
          'binding',
 'url': 'telia.dk'}
2023-08-21 11:18:40 [scrapy] DEBUG: Scraped from <200 https://www.google.com/search?q=iphone+14&hl=en&gl=DK&start=0>
{'country': 'DK',
 'keyword': 'iphone 14',
 'position': 4,
 'price': '5.499,00\xa0kr.',
 'product_url': 'https://www.callme.dk/shop/apple/apple-iphone-13/#/green/128-gb/1/1',
 'title': 'Apple iPhone 13 128GB Green. Mindstepris: 5662.00 kr. (med '
          'abonnement)',
 'url': 'callme.dk'}
2023-08-21 11:18:40 [scrapy] DEBUG: Scraped from <200 https://www.google.com/search?q=iphone+14&hl=en&gl=DK&start=0>
{'country': 'DK',
 'keyword': 'iphone 14',
 'position': 5,
 'price': '7.999,00\xa0kr.',
 'product_url': 'https://www.elgiganten.dk/product/mobil-tablet-smartwatch/mobiltelefon/iphone-14-pro-5g-smartphone-128-gb-space-black/522700',
 'title': 'iPhone 14 Pro – 5G smartphone 128 GB Space Black',
 'url': 'elgiganten.dk'}
2023-08-21 11:18:40 [scrapy] DEBUG: Scraped from <200 https://www.google.com/search?q=iphone+14&hl=en&gl=DK&start=0>
{'country': 'DK',
 'keyword': 'iphone 14',
 'position': 6,
 'price': '9.499,00\xa0kr.',
 'product_url': 'https://www.callme.dk/shop/apple/apple-iphone-14-pro/#/silver/128-gb/1/1',
 'title': 'Apple iPhone 14 Pro 128GB Silver. Mindstepris: 9662.00 kr. (med '
          'abonnement)',
 'url': 'callme.dk'}
2023-08-21 11:18:40 [scrapy] DEBUG: Scraped from <200 https://www.google.com/search?q=iphone+14&hl=en&gl=DK&start=0>
{'country': 'DK',
 'keyword': 'iphone 14',
 'position': 7,
 'price': '7.149,00\xa0kr.',
 'product_url': 'https://www.elgiganten.dk/product/mobil-tablet-smartwatch/mobiltelefon/iphone-14-5g-smartphone-128gb-midnight/522692',
 'title': 'iPhone 14 – 5G smartphone 128GB Midnight',
 'url': 'elgiganten.dk'}
2023-08-21 11:18:40 [scrapy] DEBUG: Scraped from <200 https://www.google.com/search?q=iphone+14&hl=en&gl=DK&start=0>
{'country': 'DK',
 'keyword': 'iphone 14',
 'position': 8,
 'price': '5.761,00\xa0kr.',
 'product_url': 'https://yousee.dk/mobil/mobiltelefoner/apple/iphone-14/1468/mobil_80/kontant/',
 'title': 'Apple iPhone 14 128 GB Midnat med abonnementsaftale. Mindstepris '
          '7.075,00 kr.',
 'url': 'yousee.dk'}
2023-08-21 11:18:41 [scrapy] DEBUG: Scraped from <200 https://www.google.com/search?q=iphone+14&hl=en&gl=DK&start=0>
{'country': 'DK',
 'keyword': 'iphone 14',
 'position': 9,
 'price': '5.529,99\xa0kr.',
 'product_url': 'https://www.refurbed.dk/p/iphone-14/?co=dk&utm_cluster=gradeB&utm_content=iphone-14&utm_group=iphone-14',
 'title': 'iPhone 14',
 'url': 'refurbed.dk'}
2023-08-21 11:18:41 [scrapy] DEBUG: Scraped from <200 https://www.google.com/search?q=iphone+14&hl=en&gl=DK&start=0>
{'country': 'DK',
 'keyword': 'iphone 14',
 'position': 10,
 'price': '5.499,00\xa0kr.',
 'product_url': 'https://www.callme.dk/shop/apple/apple-iphone-13-mini/#/midnight/128-gb/1/1',
 'title': 'Apple iPhone 13 Mini 128GB Midnight. Mindstepris: 5662.00 kr. (med '
          'abonnement)',
 'url': 'callme.dk'}
2023-08-21 11:18:41 [scrapy] DEBUG: Scraped from <200 https://www.google.com/search?q=iphone+14&hl=en&gl=DK&start=0>
{'country': 'DK',
 'keyword': 'iphone 14',
 'position': 11,
 'price': '6.777,00\xa0kr.',
 'product_url': 'https://www.proshop.dk/Mobil/Apple-iPhone-14-5G-128GB-Midnight/3104588?utm_source=google&utm_medium=cpc&utm_campaign=searchengine',
 'title': 'Apple iPhone 14 5G 128GB - Midnight',
 'url': 'proshop.dk'}
2023-08-21 11:18:41 [scrapy] DEBUG: Scraped from <200 https://www.google.com/search?q=iphone+14&hl=en&gl=DK&start=0>
{'country': 'DK',
 'keyword': 'iphone 14',
 'position': 12,
 'price': '6.399,00\xa0kr.',
 'product_url': 'https://www.power.dk/mobil-og-foto/mobiltelefoner/apple-iphone-14-128-gb-stjerneskaer/p-1803963/',
 'title': 'APPLE IPHONE 14 128 GB STJERNESKÆR',
 'url': 'power.dk'}
2023-08-21 11:18:41 [scrapy] DEBUG: Scraped from <200 https://www.google.com/search?q=iphone+14&hl=en&gl=DK&start=0>
{'country': 'DK',
 'keyword': 'iphone 14',
 'position': 13,
 'price': '7.999,00\xa0kr.',
 'product_url': 'https://www.bilka.dk/produkter/iphone-14-pro-128gb-gold/200162710/',
 'title': 'IPHONE 14 PRO 128GB GOLD',
 'url': 'bilka.dk'}
2023-08-21 11:18:41 [scrapy] DEBUG: Scraped from <200 https://www.google.com/search?q=iphone+14&hl=en&gl=DK&start=0>
{'country': 'DK',
 'keyword': 'iphone 14',
 'position': 14,
 'price': '5.496,00\xa0kr.',
 'product_url': 'https://www.telmore.dk/shop/mobiltelefoner/apple-iphone-14/128gb/sort?cid=_semt_terminal_terminal_Shopping_Shopping_u0617',
 'title': 'Apple iPhone 14 128 GB - Midnight. Mindstepris 7.290,00 kr.',
 'url': 'telmore.dk'}
2023-08-21 11:18:41 [scrapy] DEBUG: Scraped from <200 https://www.google.com/search?q=iphone+14&hl=en&gl=DK&start=0>
{'country': 'DK',
 'keyword': 'iphone 14',
 'position': 15,
 'price': '5.799,00\xa0kr.',
 'product_url': 'https://www.telia.dk/shop/apple/apple-iphone-14/#/blue/128-gb/1',
 'title': 'Apple iPhone 14 128GB Blue.. Min.pris: 7.602,00kr. 6 mdr. binding',
 'url': 'telia.dk'}
2023-08-21 11:18:41 [scrapy] DEBUG: Scraped from <200 https://www.google.com/search?q=iphone+14&hl=en&gl=DK&start=0>
{'country': 'DK',
 'keyword': 'iphone 14',
 'position': 16,
 'price': '9.199,00\xa0kr.',
 'product_url': 'https://www.callme.dk/shop/apple/apple-iphone-14-plus/#/midnight/512-gb/1/1',
 'title': 'Apple iPhone 14 Plus 512GB Midnight. Mindstepris: 9362.00 kr. (med '
          'abonnement)',
 'url': 'callme.dk'}
2023-08-21 11:18:41 [scrapy] DEBUG: Scraped from <200 https://www.google.com/search?q=iphone+14&hl=en&gl=DK&start=0>
{'country': 'DK',
 'keyword': 'iphone 14',
 'position': 17,
 'price': '6.634,00\xa0kr.',
 'product_url': 'https://compumail.dk/da/p/apple-iphone-14-6-1-128gb-gul-1001085290',
 'title': 'Apple iPhone 14 6.1" 128GB Gul',
 'url': 'compumail.dk'}
2023-08-21 11:18:41 [scrapy] DEBUG: Scraped from <200 https://www.google.com/search?q=iphone+14&hl=en&gl=DK&start=0>
{'country': 'DK',
 'keyword': 'iphone 14',
 'position': 18,
 'price': None,
 'product_url': None,
 'title': None,
 'url': ''}
2023-08-21 11:18:41 [scrapy] INFO: Closing spider (finished)
2023-08-21 11:18:41 [scrapy] INFO: Dumping Scrapy stats:
{'downloader/request_bytes': 422,
 'downloader/request_count': 1,
 'downloader/request_method_count/GET': 1,
 'downloader/response_bytes': 298497,
 'downloader/response_count': 1,
 'downloader/response_status_count/200': 1,
 'elapsed_time_seconds': 34.856308,
 'finish_reason': 'finished',
 'finish_time': datetime.datetime(2023, 8, 21, 6, 18, 41, 943549),
 'httpcompression/response_bytes': 1233815,
 'httpcompression/response_count': 1,
 'item_scraped_count': 18,
 'log_count/DEBUG': 19,
 'log_count/INFO': 8,
 'response_received_count': 1,
 'scheduler/dequeued': 1,
 'scheduler/dequeued/memory': 1,
 'scheduler/enqueued': 1,
 'scheduler/enqueued/memory': 1,
 'start_time': datetime.datetime(2023, 8, 21, 6, 18, 7, 87241)}
2023-08-21 11:18:41 [scrapy] INFO: Spider closed (finished)
