2023-09-08 07:38:58 [scrapy] DEBUG: Redirecting (302) to <GET https://www.google.com/sorry/index?continue=https://www.google.com/search%3Fq%3Diphone%2B14%26hl%3Den%26gl%3DDK%26start%3D0&hl=en&q=EgRdpA0SGMKS6qcGIjBqQ0y3JW3CRYSyxA1IKY1sGNPSyq6bkg8OMubi-YKwpkL_MY9jHbhoZrNL3iK96ScyAXJaAUM> from <GET https://www.google.com/search?q=iphone+14&hl=en&gl=DK&start=0>
2023-09-08 07:38:58 [scrapy] DEBUG: Retrying <GET https://www.google.com/sorry/index?continue=https://www.google.com/search%3Fq%3Diphone%2B14%26hl%3Den%26gl%3DDK%26start%3D0&hl=en&q=EgRdpA0SGMKS6qcGIjBqQ0y3JW3CRYSyxA1IKY1sGNPSyq6bkg8OMubi-YKwpkL_MY9jHbhoZrNL3iK96ScyAXJaAUM> (failed 1 times): 429 Unknown Status
2023-09-08 07:38:59 [scrapy] DEBUG: Retrying <GET https://www.google.com/sorry/index?continue=https://www.google.com/search%3Fq%3Diphone%2B14%26hl%3Den%26gl%3DDK%26start%3D0&hl=en&q=EgRdpA0SGMKS6qcGIjBqQ0y3JW3CRYSyxA1IKY1sGNPSyq6bkg8OMubi-YKwpkL_MY9jHbhoZrNL3iK96ScyAXJaAUM> (failed 2 times): 429 Unknown Status
2023-09-08 07:38:59 [scrapy] DEBUG: Crawled (200) <GET https://www.google.com/search?q=+iphone+13&hl=en&gl=DK&start=0> (referer: None)
2023-09-08 07:38:59 [scrapy] ERROR: Spider error processing <GET https://www.google.com/search?q=+iphone+13&hl=en&gl=DK&start=0> (referer: None)
Traceback (most recent call last):
  File "C:\Users\Muhammad Umer\AppData\Local\Programs\Python\Python311\Lib\site-packages\scrapy\utils\defer.py", line 257, in iter_errback
    yield next(it)
          ^^^^^^^^
  File "C:\Users\Muhammad Umer\AppData\Local\Programs\Python\Python311\Lib\site-packages\scrapy\utils\python.py", line 312, in __next__
    return next(self.data)
           ^^^^^^^^^^^^^^^
  File "C:\Users\Muhammad Umer\AppData\Local\Programs\Python\Python311\Lib\site-packages\scrapy\utils\python.py", line 312, in __next__
    return next(self.data)
           ^^^^^^^^^^^^^^^
  File "C:\Users\Muhammad Umer\AppData\Local\Programs\Python\Python311\Lib\site-packages\scrapy\core\spidermw.py", line 104, in process_sync
    for r in iterable:
  File "C:\Users\Muhammad Umer\AppData\Local\Programs\Python\Python311\Lib\site-packages\scrapy\spidermiddlewares\offsite.py", line 28, in <genexpr>
    return (r for r in result or () if self._filter(r, spider))
           ^^^^^^^^^^^^^^^^^^^^^^^^^^^^^^^^^^^^^^^^^^^^^^^^^^^^
  File "C:\Users\Muhammad Umer\AppData\Local\Programs\Python\Python311\Lib\site-packages\scrapy\core\spidermw.py", line 104, in process_sync
    for r in iterable:
  File "C:\Users\Muhammad Umer\AppData\Local\Programs\Python\Python311\Lib\site-packages\scrapy\spidermiddlewares\referer.py", line 353, in <genexpr>
    return (self._set_referer(r, response) for r in result or ())
           ^^^^^^^^^^^^^^^^^^^^^^^^^^^^^^^^^^^^^^^^^^^^^^^^^^^^^^
  File "C:\Users\Muhammad Umer\AppData\Local\Programs\Python\Python311\Lib\site-packages\scrapy\core\spidermw.py", line 104, in process_sync
    for r in iterable:
  File "C:\Users\Muhammad Umer\AppData\Local\Programs\Python\Python311\Lib\site-packages\scrapy\spidermiddlewares\urllength.py", line 27, in <genexpr>
    return (r for r in result or () if self._filter(r, spider))
           ^^^^^^^^^^^^^^^^^^^^^^^^^^^^^^^^^^^^^^^^^^^^^^^^^^^^
  File "C:\Users\Muhammad Umer\AppData\Local\Programs\Python\Python311\Lib\site-packages\scrapy\core\spidermw.py", line 104, in process_sync
    for r in iterable:
  File "C:\Users\Muhammad Umer\AppData\Local\Programs\Python\Python311\Lib\site-packages\scrapy\spidermiddlewares\depth.py", line 31, in <genexpr>
    return (r for r in result or () if self._filter(r, response, spider))
           ^^^^^^^^^^^^^^^^^^^^^^^^^^^^^^^^^^^^^^^^^^^^^^^^^^^^^^^^^^^^^^
  File "C:\Users\Muhammad Umer\AppData\Local\Programs\Python\Python311\Lib\site-packages\scrapy\core\spidermw.py", line 104, in process_sync
    for r in iterable:
  File "D:\Outputs\Django Outputs\scraper\spiders\plaspider.py", line 91, in parse
    item['user_id'] = self.user.id
                      ^^^^^^^^^^^^
AttributeError: 'str' object has no attribute 'id'
2023-09-08 07:38:59 [scrapy] DEBUG: Crawled (200) <GET https://www.google.com/search?q=+macbook&hl=en&gl=DK&start=0> (referer: None)
2023-09-08 07:38:59 [scrapy] ERROR: Spider error processing <GET https://www.google.com/search?q=+macbook&hl=en&gl=DK&start=0> (referer: None)
Traceback (most recent call last):
  File "C:\Users\Muhammad Umer\AppData\Local\Programs\Python\Python311\Lib\site-packages\scrapy\utils\defer.py", line 257, in iter_errback
    yield next(it)
          ^^^^^^^^
  File "C:\Users\Muhammad Umer\AppData\Local\Programs\Python\Python311\Lib\site-packages\scrapy\utils\python.py", line 312, in __next__
    return next(self.data)
           ^^^^^^^^^^^^^^^
  File "C:\Users\Muhammad Umer\AppData\Local\Programs\Python\Python311\Lib\site-packages\scrapy\utils\python.py", line 312, in __next__
    return next(self.data)
           ^^^^^^^^^^^^^^^
  File "C:\Users\Muhammad Umer\AppData\Local\Programs\Python\Python311\Lib\site-packages\scrapy\core\spidermw.py", line 104, in process_sync
    for r in iterable:
  File "C:\Users\Muhammad Umer\AppData\Local\Programs\Python\Python311\Lib\site-packages\scrapy\spidermiddlewares\offsite.py", line 28, in <genexpr>
    return (r for r in result or () if self._filter(r, spider))
           ^^^^^^^^^^^^^^^^^^^^^^^^^^^^^^^^^^^^^^^^^^^^^^^^^^^^
  File "C:\Users\Muhammad Umer\AppData\Local\Programs\Python\Python311\Lib\site-packages\scrapy\core\spidermw.py", line 104, in process_sync
    for r in iterable:
  File "C:\Users\Muhammad Umer\AppData\Local\Programs\Python\Python311\Lib\site-packages\scrapy\spidermiddlewares\referer.py", line 353, in <genexpr>
    return (self._set_referer(r, response) for r in result or ())
           ^^^^^^^^^^^^^^^^^^^^^^^^^^^^^^^^^^^^^^^^^^^^^^^^^^^^^^
  File "C:\Users\Muhammad Umer\AppData\Local\Programs\Python\Python311\Lib\site-packages\scrapy\core\spidermw.py", line 104, in process_sync
    for r in iterable:
  File "C:\Users\Muhammad Umer\AppData\Local\Programs\Python\Python311\Lib\site-packages\scrapy\spidermiddlewares\urllength.py", line 27, in <genexpr>
    return (r for r in result or () if self._filter(r, spider))
           ^^^^^^^^^^^^^^^^^^^^^^^^^^^^^^^^^^^^^^^^^^^^^^^^^^^^
  File "C:\Users\Muhammad Umer\AppData\Local\Programs\Python\Python311\Lib\site-packages\scrapy\core\spidermw.py", line 104, in process_sync
    for r in iterable:
  File "C:\Users\Muhammad Umer\AppData\Local\Programs\Python\Python311\Lib\site-packages\scrapy\spidermiddlewares\depth.py", line 31, in <genexpr>
    return (r for r in result or () if self._filter(r, response, spider))
           ^^^^^^^^^^^^^^^^^^^^^^^^^^^^^^^^^^^^^^^^^^^^^^^^^^^^^^^^^^^^^^
  File "C:\Users\Muhammad Umer\AppData\Local\Programs\Python\Python311\Lib\site-packages\scrapy\core\spidermw.py", line 104, in process_sync
    for r in iterable:
  File "D:\Outputs\Django Outputs\scraper\spiders\plaspider.py", line 91, in parse
    item['user_id'] = self.user.id
                      ^^^^^^^^^^^^
AttributeError: 'str' object has no attribute 'id'
2023-09-08 07:38:59 [scrapy] DEBUG: Crawled (200) <GET https://www.google.com/search?q=+ps5&hl=en&gl=DK&start=0> (referer: None)
2023-09-08 07:39:00 [scrapy] ERROR: Spider error processing <GET https://www.google.com/search?q=+ps5&hl=en&gl=DK&start=0> (referer: None)
Traceback (most recent call last):
  File "C:\Users\Muhammad Umer\AppData\Local\Programs\Python\Python311\Lib\site-packages\scrapy\utils\defer.py", line 257, in iter_errback
    yield next(it)
          ^^^^^^^^
  File "C:\Users\Muhammad Umer\AppData\Local\Programs\Python\Python311\Lib\site-packages\scrapy\utils\python.py", line 312, in __next__
    return next(self.data)
           ^^^^^^^^^^^^^^^
  File "C:\Users\Muhammad Umer\AppData\Local\Programs\Python\Python311\Lib\site-packages\scrapy\utils\python.py", line 312, in __next__
    return next(self.data)
           ^^^^^^^^^^^^^^^
  File "C:\Users\Muhammad Umer\AppData\Local\Programs\Python\Python311\Lib\site-packages\scrapy\core\spidermw.py", line 104, in process_sync
    for r in iterable:
  File "C:\Users\Muhammad Umer\AppData\Local\Programs\Python\Python311\Lib\site-packages\scrapy\spidermiddlewares\offsite.py", line 28, in <genexpr>
    return (r for r in result or () if self._filter(r, spider))
           ^^^^^^^^^^^^^^^^^^^^^^^^^^^^^^^^^^^^^^^^^^^^^^^^^^^^
  File "C:\Users\Muhammad Umer\AppData\Local\Programs\Python\Python311\Lib\site-packages\scrapy\core\spidermw.py", line 104, in process_sync
    for r in iterable:
  File "C:\Users\Muhammad Umer\AppData\Local\Programs\Python\Python311\Lib\site-packages\scrapy\spidermiddlewares\referer.py", line 353, in <genexpr>
    return (self._set_referer(r, response) for r in result or ())
           ^^^^^^^^^^^^^^^^^^^^^^^^^^^^^^^^^^^^^^^^^^^^^^^^^^^^^^
  File "C:\Users\Muhammad Umer\AppData\Local\Programs\Python\Python311\Lib\site-packages\scrapy\core\spidermw.py", line 104, in process_sync
    for r in iterable:
  File "C:\Users\Muhammad Umer\AppData\Local\Programs\Python\Python311\Lib\site-packages\scrapy\spidermiddlewares\urllength.py", line 27, in <genexpr>
    return (r for r in result or () if self._filter(r, spider))
           ^^^^^^^^^^^^^^^^^^^^^^^^^^^^^^^^^^^^^^^^^^^^^^^^^^^^
  File "C:\Users\Muhammad Umer\AppData\Local\Programs\Python\Python311\Lib\site-packages\scrapy\core\spidermw.py", line 104, in process_sync
    for r in iterable:
  File "C:\Users\Muhammad Umer\AppData\Local\Programs\Python\Python311\Lib\site-packages\scrapy\spidermiddlewares\depth.py", line 31, in <genexpr>
    return (r for r in result or () if self._filter(r, response, spider))
           ^^^^^^^^^^^^^^^^^^^^^^^^^^^^^^^^^^^^^^^^^^^^^^^^^^^^^^^^^^^^^^
  File "C:\Users\Muhammad Umer\AppData\Local\Programs\Python\Python311\Lib\site-packages\scrapy\core\spidermw.py", line 104, in process_sync
    for r in iterable:
  File "D:\Outputs\Django Outputs\scraper\spiders\plaspider.py", line 91, in parse
    item['user_id'] = self.user.id
                      ^^^^^^^^^^^^
AttributeError: 'str' object has no attribute 'id'
2023-09-08 07:39:00 [scrapy] ERROR: Gave up retrying <GET https://www.google.com/sorry/index?continue=https://www.google.com/search%3Fq%3Diphone%2B14%26hl%3Den%26gl%3DDK%26start%3D0&hl=en&q=EgRdpA0SGMKS6qcGIjBqQ0y3JW3CRYSyxA1IKY1sGNPSyq6bkg8OMubi-YKwpkL_MY9jHbhoZrNL3iK96ScyAXJaAUM> (failed 3 times): 429 Unknown Status
2023-09-08 07:39:00 [scrapy] DEBUG: Crawled (429) <GET https://www.google.com/sorry/index?continue=https://www.google.com/search%3Fq%3Diphone%2B14%26hl%3Den%26gl%3DDK%26start%3D0&hl=en&q=EgRdpA0SGMKS6qcGIjBqQ0y3JW3CRYSyxA1IKY1sGNPSyq6bkg8OMubi-YKwpkL_MY9jHbhoZrNL3iK96ScyAXJaAUM> (referer: None)
2023-09-08 07:39:00 [scrapy] INFO: Ignoring response <429 https://www.google.com/sorry/index?continue=https://www.google.com/search%3Fq%3Diphone%2B14%26hl%3Den%26gl%3DDK%26start%3D0&hl=en&q=EgRdpA0SGMKS6qcGIjBqQ0y3JW3CRYSyxA1IKY1sGNPSyq6bkg8OMubi-YKwpkL_MY9jHbhoZrNL3iK96ScyAXJaAUM>: HTTP status code is not handled or not allowed
2023-09-08 07:39:01 [scrapy] DEBUG: Crawled (200) <GET https://www.google.com/search?q=+apple&hl=en&gl=DK&start=0> (referer: None)
2023-09-08 07:39:02 [scrapy] INFO: Closing spider (finished)
2023-09-08 07:39:02 [scrapy] INFO: Dumping Scrapy stats:
{'downloader/request_bytes': 4715,
 'downloader/request_count': 8,
 'downloader/request_method_count/GET': 8,
 'downloader/response_bytes': 1007011,
 'downloader/response_count': 8,
 'downloader/response_status_count/200': 4,
 'downloader/response_status_count/302': 1,
 'downloader/response_status_count/429': 3,
 'elapsed_time_seconds': 6.4926,
 'finish_reason': 'finished',
 'finish_time': datetime.datetime(2023, 9, 8, 2, 39, 2, 118121),
 'httpcompression/response_bytes': 3517722,
 'httpcompression/response_count': 4,
 'httperror/response_ignored_count': 1,
 'httperror/response_ignored_status_count/429': 1,
 'log_count/DEBUG': 8,
 'log_count/ERROR': 4,
 'log_count/INFO': 9,
 'response_received_count': 5,
 'retry/count': 2,
 'retry/max_reached': 1,
 'retry/reason_count/429 Unknown Status': 2,
 'scheduler/dequeued': 8,
 'scheduler/dequeued/memory': 8,
 'scheduler/enqueued': 8,
 'scheduler/enqueued/memory': 8,
 'spider_exceptions/AttributeError': 3,
 'start_time': datetime.datetime(2023, 9, 8, 2, 38, 55, 625521)}
2023-09-08 07:39:02 [scrapy] INFO: Spider closed (finished)
