2023-09-17 20:22:49 [scrapy] DEBUG: Retrying <GET https://www.google.com/search?q=+iphone+13&hl=en&gl=AF&start=0> (failed 1 times): Could not open CONNECT tunnel with proxy la.residential.rayobyte.com:8000 [{'status': 551, 'reason': b'No Proxy'}]
2023-09-17 20:22:49 [scrapy] DEBUG: Retrying <GET https://www.google.com/search?q=+apple&hl=en&gl=AF&start=0> (failed 1 times): Could not open CONNECT tunnel with proxy la.residential.rayobyte.com:8000 [{'status': 551, 'reason': b'No Proxy'}]
2023-09-17 20:22:49 [scrapy] DEBUG: Retrying <GET https://www.google.com/search?q=+ps5&hl=en&gl=AF&start=0> (failed 1 times): Could not open CONNECT tunnel with proxy la.residential.rayobyte.com:8000 [{'status': 551, 'reason': b'No Proxy'}]
2023-09-17 20:22:49 [scrapy] DEBUG: Retrying <GET https://www.google.com/search?q=+macbook&hl=en&gl=AF&start=0> (failed 1 times): Could not open CONNECT tunnel with proxy la.residential.rayobyte.com:8000 [{'status': 551, 'reason': b'No Proxy'}]
2023-09-17 20:22:49 [scrapy] DEBUG: Retrying <GET https://www.google.com/search?q=iphone+14&hl=en&gl=AF&start=0> (failed 1 times): Could not open CONNECT tunnel with proxy la.residential.rayobyte.com:8000 [{'status': 551, 'reason': b'No Proxy'}]
2023-09-17 20:22:50 [scrapy] DEBUG: Retrying <GET https://www.google.com/search?q=+iphone+13&hl=en&gl=AF&start=0> (failed 2 times): Could not open CONNECT tunnel with proxy la.residential.rayobyte.com:8000 [{'status': 551, 'reason': b'No Proxy'}]
2023-09-17 20:22:50 [scrapy] DEBUG: Retrying <GET https://www.google.com/search?q=+apple&hl=en&gl=AF&start=0> (failed 2 times): Could not open CONNECT tunnel with proxy la.residential.rayobyte.com:8000 [{'status': 551, 'reason': b'No Proxy'}]
2023-09-17 20:22:50 [scrapy] DEBUG: Retrying <GET https://www.google.com/search?q=+ps5&hl=en&gl=AF&start=0> (failed 2 times): Could not open CONNECT tunnel with proxy la.residential.rayobyte.com:8000 [{'status': 551, 'reason': b'No Proxy'}]
2023-09-17 20:22:50 [scrapy] DEBUG: Retrying <GET https://www.google.com/search?q=iphone+14&hl=en&gl=AF&start=0> (failed 2 times): Could not open CONNECT tunnel with proxy la.residential.rayobyte.com:8000 [{'status': 551, 'reason': b'No Proxy'}]
2023-09-17 20:22:50 [scrapy] DEBUG: Retrying <GET https://www.google.com/search?q=+macbook&hl=en&gl=AF&start=0> (failed 2 times): Could not open CONNECT tunnel with proxy la.residential.rayobyte.com:8000 [{'status': 551, 'reason': b'No Proxy'}]
2023-09-17 20:22:50 [scrapy] ERROR: Gave up retrying <GET https://www.google.com/search?q=iphone+14&hl=en&gl=AF&start=0> (failed 3 times): Could not open CONNECT tunnel with proxy la.residential.rayobyte.com:8000 [{'status': 551, 'reason': b'No Proxy'}]
2023-09-17 20:22:50 [scrapy] ERROR: Gave up retrying <GET https://www.google.com/search?q=+apple&hl=en&gl=AF&start=0> (failed 3 times): Could not open CONNECT tunnel with proxy la.residential.rayobyte.com:8000 [{'status': 551, 'reason': b'No Proxy'}]
2023-09-17 20:22:50 [scrapy] ERROR: Gave up retrying <GET https://www.google.com/search?q=+macbook&hl=en&gl=AF&start=0> (failed 3 times): Could not open CONNECT tunnel with proxy la.residential.rayobyte.com:8000 [{'status': 551, 'reason': b'No Proxy'}]
2023-09-17 20:22:50 [scrapy] ERROR: Gave up retrying <GET https://www.google.com/search?q=+ps5&hl=en&gl=AF&start=0> (failed 3 times): Could not open CONNECT tunnel with proxy la.residential.rayobyte.com:8000 [{'status': 551, 'reason': b'No Proxy'}]
2023-09-17 20:22:50 [scrapy] ERROR: Gave up retrying <GET https://www.google.com/search?q=+iphone+13&hl=en&gl=AF&start=0> (failed 3 times): Could not open CONNECT tunnel with proxy la.residential.rayobyte.com:8000 [{'status': 551, 'reason': b'No Proxy'}]
2023-09-17 20:22:51 [scrapy] ERROR: Error downloading <GET https://www.google.com/search?q=iphone+14&hl=en&gl=AF&start=0>
Traceback (most recent call last):
  File "C:\Users\Muhammad Umer\AppData\Local\Programs\Python\Python311\Lib\site-packages\scrapy\core\downloader\middleware.py", line 52, in process_request
    return (yield download_func(request=request, spider=spider))
scrapy.core.downloader.handlers.http11.TunnelError: Could not open CONNECT tunnel with proxy la.residential.rayobyte.com:8000 [{'status': 551, 'reason': b'No Proxy'}]
2023-09-17 20:22:51 [scrapy] ERROR: Error downloading <GET https://www.google.com/search?q=+apple&hl=en&gl=AF&start=0>
Traceback (most recent call last):
  File "C:\Users\Muhammad Umer\AppData\Local\Programs\Python\Python311\Lib\site-packages\scrapy\core\downloader\middleware.py", line 52, in process_request
    return (yield download_func(request=request, spider=spider))
scrapy.core.downloader.handlers.http11.TunnelError: Could not open CONNECT tunnel with proxy la.residential.rayobyte.com:8000 [{'status': 551, 'reason': b'No Proxy'}]
2023-09-17 20:22:51 [scrapy] ERROR: Error downloading <GET https://www.google.com/search?q=+macbook&hl=en&gl=AF&start=0>
Traceback (most recent call last):
  File "C:\Users\Muhammad Umer\AppData\Local\Programs\Python\Python311\Lib\site-packages\scrapy\core\downloader\middleware.py", line 52, in process_request
    return (yield download_func(request=request, spider=spider))
scrapy.core.downloader.handlers.http11.TunnelError: Could not open CONNECT tunnel with proxy la.residential.rayobyte.com:8000 [{'status': 551, 'reason': b'No Proxy'}]
2023-09-17 20:22:51 [scrapy] ERROR: Error downloading <GET https://www.google.com/search?q=+ps5&hl=en&gl=AF&start=0>
Traceback (most recent call last):
  File "C:\Users\Muhammad Umer\AppData\Local\Programs\Python\Python311\Lib\site-packages\scrapy\core\downloader\middleware.py", line 52, in process_request
    return (yield download_func(request=request, spider=spider))
scrapy.core.downloader.handlers.http11.TunnelError: Could not open CONNECT tunnel with proxy la.residential.rayobyte.com:8000 [{'status': 551, 'reason': b'No Proxy'}]
2023-09-17 20:22:51 [scrapy] ERROR: Error downloading <GET https://www.google.com/search?q=+iphone+13&hl=en&gl=AF&start=0>
Traceback (most recent call last):
  File "C:\Users\Muhammad Umer\AppData\Local\Programs\Python\Python311\Lib\site-packages\scrapy\core\downloader\middleware.py", line 52, in process_request
    return (yield download_func(request=request, spider=spider))
scrapy.core.downloader.handlers.http11.TunnelError: Could not open CONNECT tunnel with proxy la.residential.rayobyte.com:8000 [{'status': 551, 'reason': b'No Proxy'}]
2023-09-17 20:22:51 [scrapy] INFO: Closing spider (finished)
2023-09-17 20:22:51 [scrapy] INFO: Dumping Scrapy stats:
{'downloader/exception_count': 15,
 'downloader/exception_type_count/scrapy.core.downloader.handlers.http11.TunnelError': 15,
 'downloader/request_bytes': 6306,
 'downloader/request_count': 15,
 'downloader/request_method_count/GET': 15,
 'elapsed_time_seconds': 2.222972,
 'finish_reason': 'finished',
 'finish_time': datetime.datetime(2023, 9, 17, 15, 22, 51, 197279),
 'log_count/DEBUG': 10,
 'log_count/ERROR': 10,
 'log_count/INFO': 8,
 'retry/count': 10,
 'retry/max_reached': 5,
 'retry/reason_count/scrapy.core.downloader.handlers.http11.TunnelError': 10,
 'scheduler/dequeued': 15,
 'scheduler/dequeued/memory': 15,
 'scheduler/enqueued': 15,
 'scheduler/enqueued/memory': 15,
 'start_time': datetime.datetime(2023, 9, 17, 15, 22, 48, 974307)}
2023-09-17 20:22:51 [scrapy] INFO: Spider closed (finished)
