2023-09-22 22:10:19 [scrapy] DEBUG: Crawled (200) <GET https://www.google.com/search?q=ps5&hl=en&gl=DK&start=0> (referer: None)
2023-09-22 22:10:20 [scrapy] DEBUG: Scraped from <200 https://www.google.com/search?q=ps5&hl=en&gl=DK&start=0>
{'country': 'DK',
 'keyword': 'ps5',
 'position': 1,
 'price': '3.879,00\xa0kr.',
 'product_url': 'https://www.elgiganten.dk/product/gaming/spillekonsol-tilbehor/playstation/playstation-spillekonsol/playstation-5-digital-edition-2022/533977',
 'title': 'PlayStation 5 Digital Edition (2022)',
 'url': 'elgiganten.dk',
 'user_id': 'admin'}
2023-09-22 22:10:20 [scrapy] DEBUG: Scraped from <200 https://www.google.com/search?q=ps5&hl=en&gl=DK&start=0>
{'country': 'DK',
 'keyword': 'ps5',
 'position': 2,
 'price': '2.999,00\xa0kr.',
 'product_url': 'https://www.telia.dk/shop/playstation/sony-playstation-5-23-bundle-med-abonnement/#/white/0-gb',
 'title': 'Sony PlayStation 5 med abonnement. Min.pris: 4.802,00kr. 6 mdr. '
          'binding',
 'url': 'telia.dk',
 'user_id': 'admin'}
2023-09-22 22:10:20 [scrapy] DEBUG: Scraped from <200 https://www.google.com/search?q=ps5&hl=en&gl=DK&start=0>
{'country': 'DK',
 'keyword': 'ps5',
 'position': 3,
 'price': '4.199,00\xa0kr.',
 'product_url': 'https://www.elgiganten.dk/product/gaming/spillekonsol-tilbehor/playstation/playstation-spillekonsol/playstation-5-cod-mw2-pakke/619645',
 'title': 'PlayStation 5 + COD MW2-pakke',
 'url': 'elgiganten.dk',
 'user_id': 'admin'}
2023-09-22 22:10:20 [scrapy] DEBUG: Scraped from <200 https://www.google.com/search?q=ps5&hl=en&gl=DK&start=0>
{'country': 'DK',
 'keyword': 'ps5',
 'position': 4,
 'price': '4.144,00\xa0kr.',
 'product_url': 'https://www.elgiganten.dk/product/gaming/spillekonsol-tilbehor/playstation/playstation-spillekonsol/playstation-5-2022/533978',
 'title': 'PlayStation 5 (2022)',
 'url': 'elgiganten.dk',
 'user_id': 'admin'}
2023-09-22 22:10:20 [scrapy] DEBUG: Scraped from <200 https://www.google.com/search?q=ps5&hl=en&gl=DK&start=0>
{'country': 'DK',
 'keyword': 'ps5',
 'position': 5,
 'price': '3.599,00\xa0kr.',
 'product_url': 'https://www.callme.dk/shop/playstation/sony-playstation-5-23-bundle-med-abonnement/#/white/0-gb',
 'title': 'Sony PlayStation 5 med abonnement. Mindstepris: 4242.00 kr. (med '
          'abonnement)',
 'url': 'callme.dk',
 'user_id': 'admin'}
2023-09-22 22:10:20 [scrapy] DEBUG: Scraped from <200 https://www.google.com/search?q=ps5&hl=en&gl=DK&start=0>
{'country': 'DK',
 'keyword': 'ps5',
 'position': 6,
 'price': '3.474,30\xa0kr.',
 'product_url': 'https://www.refurbed.dk/p/playstation-5-digital-edition/?co=dk&utm_cluster=gradeA&utm_content=playstation-5-digital-edition&utm_group=playstation-5-digital-edition',
 'title': 'Sony PlayStation 5 Digital Edition',
 'url': 'refurbed.dk',
 'user_id': 'admin'}
2023-09-22 22:10:20 [scrapy] DEBUG: Scraped from <200 https://www.google.com/search?q=ps5&hl=en&gl=DK&start=0>
{'country': 'DK',
 'keyword': 'ps5',
 'position': 7,
 'price': '3.999,00\xa0kr.',
 'product_url': 'https://www.bilka.dk/produkter/ps5-digital-inkl-god-of-war/200169973/',
 'title': 'PS5 Digital inkl. God of War',
 'url': 'bilka.dk',
 'user_id': 'admin'}
2023-09-22 22:10:21 [scrapy] DEBUG: Scraped from <200 https://www.google.com/search?q=ps5&hl=en&gl=DK&start=0>
{'country': 'DK',
 'keyword': 'ps5',
 'position': 8,
 'price': '4.990,00\xa0kr.',
 'product_url': 'https://www.proshop.dk/Spillekonsol/Sony-PlayStation-5-Standard-1-Extra-DualSense/3158997?utm_source=google&utm_medium=cpc&utm_campaign=searchengine',
 'title': 'Sony PlayStation 5 Standard + 1 Extra DualSense',
 'url': 'proshop.dk',
 'user_id': 'admin'}
2023-09-22 22:10:21 [scrapy] DEBUG: Scraped from <200 https://www.google.com/search?q=ps5&hl=en&gl=DK&start=0>
{'country': 'DK',
 'keyword': 'ps5',
 'position': 9,
 'price': '4.991,00\xa0kr.',
 'product_url': 'https://www.elgiganten.dk/product/gaming/spillekonsol-tilbehor/playstation/playstation-spillekonsol/playstation-5-2x-dualsense-controller-pakke/581993',
 'title': 'PlayStation 5 + 2x DualSense controller-pakke',
 'url': 'elgiganten.dk',
 'user_id': 'admin'}
2023-09-22 22:10:21 [scrapy] DEBUG: Scraped from <200 https://www.google.com/search?q=ps5&hl=en&gl=DK&start=0>
{'country': 'DK',
 'keyword': 'ps5',
 'position': 10,
 'price': '5.199,00\xa0kr.',
 'product_url': 'https://www.elgiganten.dk/product/gaming/spillekonsol-tilbehor/playstation/playstation-spillekonsol/playstation-5-marvel-s-spider-man-2-limited-edition-pakke/645207',
 'title': 'PlayStation 5 + Marvel s Spider-Man 2 Limited Edition pakke',
 'url': 'elgiganten.dk',
 'user_id': 'admin'}
2023-09-22 22:10:21 [scrapy] DEBUG: Scraped from <200 https://www.google.com/search?q=ps5&hl=en&gl=DK&start=0>
{'country': 'DK',
 'keyword': 'ps5',
 'position': 11,
 'price': '4.799,00\xa0kr.',
 'product_url': 'https://www.bilka.dk/produkter/ps5-standard-konsol-inkl-2-x-hvid-dualsense/200183008/',
 'title': 'PS5 Standard Konsol inkl. 2 x hvid Dualsense',
 'url': 'bilka.dk',
 'user_id': 'admin'}
2023-09-22 22:10:21 [scrapy] DEBUG: Scraped from <200 https://www.google.com/search?q=ps5&hl=en&gl=DK&start=0>
{'country': 'DK',
 'keyword': 'ps5',
 'position': 12,
 'price': '4.348,00\xa0kr.',
 'product_url': 'https://www.proshop.dk/Spillekonsol/Sony-PlayStation-5-Nordic/2831713?utm_source=google&utm_medium=cpc&utm_campaign=searchengine',
 'title': 'Sony PlayStation 5 (Nordic)',
 'url': 'proshop.dk',
 'user_id': 'admin'}
2023-09-22 22:10:21 [scrapy] DEBUG: Scraped from <200 https://www.google.com/search?q=ps5&hl=en&gl=DK&start=0>
{'country': 'DK',
 'keyword': 'ps5',
 'position': 13,
 'price': '4.359,00\xa0kr.',
 'product_url': 'https://www.komplett.dk/product/1111557/gaming/playstation/playstation-5-disc-edition-ps5?channable=0095b76964003131313135353727',
 'title': 'PlayStation 5 Disc Edition / PS5',
 'url': 'komplett.dk',
 'user_id': 'admin'}
2023-09-22 22:10:21 [scrapy] DEBUG: Scraped from <200 https://www.google.com/search?q=ps5&hl=en&gl=DK&start=0>
{'country': 'DK',
 'keyword': 'ps5',
 'position': 14,
 'price': '4.144,00\xa0kr.',
 'product_url': 'https://www.foetex.dk/produkter/ps5-standard-konsol/200169033/',
 'title': '"PS5 Standard Konsol"',
 'url': 'foetex.dk',
 'user_id': 'admin'}
2023-09-22 22:10:21 [scrapy] DEBUG: Scraped from <200 https://www.google.com/search?q=ps5&hl=en&gl=DK&start=0>
{'country': 'DK',
 'keyword': 'ps5',
 'position': 15,
 'price': '4.199,00\xa0kr.',
 'product_url': 'https://geekd.dk/products/sony-playstation-5-digital-edition-825gb?variant=42341804605677&currency=DKK&utm_medium=product_sync&utm_source=google&utm_content=sag_organic&utm_campaign=sag_organic',
 'title': 'Sony PlayStation 5 Digital Edition 825GB - Fri fragt over 899,-',
 'url': 'geekd.dk',
 'user_id': 'admin'}
2023-09-22 22:10:21 [scrapy] DEBUG: Scraped from <200 https://www.google.com/search?q=ps5&hl=en&gl=DK&start=0>
{'country': 'DK',
 'keyword': 'ps5',
 'position': 16,
 'price': '3.879,00\xa0kr.',
 'product_url': 'https://www.power.dk/gaming-og-underholdning/playstation/playstation-konsoller/playstation-5-digital-edition/p-1840112/',
 'title': 'PLAYSTATION 5 DIGITAL EDITION',
 'url': 'power.dk',
 'user_id': 'admin'}
2023-09-22 22:10:22 [scrapy] DEBUG: Scraped from <200 https://www.google.com/search?q=ps5&hl=en&gl=DK&start=0>
{'country': 'DK',
 'keyword': 'ps5',
 'position': 17,
 'price': '4.359,00\xa0kr.',
 'product_url': 'https://www.bilka.dk/produkter/ps5-standard-konsol/200169033/',
 'title': 'PS5 Standard Konsol',
 'url': 'bilka.dk',
 'user_id': 'admin'}
2023-09-22 22:10:22 [scrapy] DEBUG: Scraped from <200 https://www.google.com/search?q=ps5&hl=en&gl=DK&start=0>
{'country': 'DK',
 'keyword': 'ps5',
 'position': 18,
 'price': None,
 'product_url': None,
 'title': None,
 'url': '',
 'user_id': 'admin'}
2023-09-22 22:10:22 [scrapy] INFO: Closing spider (finished)
2023-09-22 22:10:22 [scrapy] INFO: Dumping Scrapy stats:
{'downloader/request_bytes': 416,
 'downloader/request_count': 1,
 'downloader/request_method_count/GET': 1,
 'downloader/response_bytes': 219879,
 'downloader/response_count': 1,
 'downloader/response_status_count/200': 1,
 'elapsed_time_seconds': 8.014886,
 'finish_reason': 'finished',
 'finish_time': datetime.datetime(2023, 9, 22, 17, 10, 22, 199944),
 'httpcompression/response_bytes': 810772,
 'httpcompression/response_count': 1,
 'item_scraped_count': 18,
 'log_count/DEBUG': 19,
 'log_count/INFO': 8,
 'response_received_count': 1,
 'scheduler/dequeued': 1,
 'scheduler/dequeued/memory': 1,
 'scheduler/enqueued': 1,
 'scheduler/enqueued/memory': 1,
 'start_time': datetime.datetime(2023, 9, 22, 17, 10, 14, 185058)}
2023-09-22 22:10:22 [scrapy] INFO: Spider closed (finished)
