2023-09-13 13:58:59 [scrapy] DEBUG: Retrying <GET https://www.google.com/search?q=iphone+13&hl=en&gl=DK&start=0> (failed 1 times): Could not open CONNECT tunnel with proxy la.residential.rayobyte.com:8000 [{'status': 407, 'reason': b'Proxy Authentication Required'}]
2023-09-13 13:58:59 [scrapy] DEBUG: Retrying <GET https://www.google.com/search?q=ps5&hl=en&gl=DK&start=0> (failed 1 times): Could not open CONNECT tunnel with proxy la.residential.rayobyte.com:8000 [{'status': 407, 'reason': b'Proxy Authentication Required'}]
2023-09-13 13:58:59 [scrapy] DEBUG: Retrying <GET https://www.google.com/search?q=iphone+14&hl=en&gl=DK&start=0> (failed 1 times): Could not open CONNECT tunnel with proxy la.residential.rayobyte.com:8000 [{'status': 407, 'reason': b'Proxy Authentication Required'}]
2023-09-13 13:58:59 [scrapy] DEBUG: Retrying <GET https://www.google.com/search?q=apple&hl=en&gl=DK&start=0> (failed 1 times): Could not open CONNECT tunnel with proxy la.residential.rayobyte.com:8000 [{'status': 407, 'reason': b'Proxy Authentication Required'}]
2023-09-13 13:58:59 [scrapy] DEBUG: Retrying <GET https://www.google.com/search?q=macbook&hl=en&gl=DK&start=0> (failed 1 times): Could not open CONNECT tunnel with proxy la.residential.rayobyte.com:8000 [{'status': 407, 'reason': b'Proxy Authentication Required'}]
2023-09-13 13:58:59 [scrapy] DEBUG: Retrying <GET https://www.google.com/search?q=&hl=en&gl=DK&start=0> (failed 1 times): Could not open CONNECT tunnel with proxy la.residential.rayobyte.com:8000 [{'status': 407, 'reason': b'Proxy Authentication Required'}]
2023-09-13 13:59:00 [scrapy] DEBUG: Retrying <GET https://www.google.com/search?q=ps5&hl=en&gl=DK&start=0> (failed 2 times): Could not open CONNECT tunnel with proxy la.residential.rayobyte.com:8000 [{'status': 407, 'reason': b'Proxy Authentication Required'}]
2023-09-13 13:59:00 [scrapy] DEBUG: Retrying <GET https://www.google.com/search?q=iphone+13&hl=en&gl=DK&start=0> (failed 2 times): Could not open CONNECT tunnel with proxy la.residential.rayobyte.com:8000 [{'status': 407, 'reason': b'Proxy Authentication Required'}]
2023-09-13 13:59:00 [scrapy] DEBUG: Retrying <GET https://www.google.com/search?q=&hl=en&gl=DK&start=0> (failed 2 times): Could not open CONNECT tunnel with proxy la.residential.rayobyte.com:8000 [{'status': 407, 'reason': b'Proxy Authentication Required'}]
2023-09-13 13:59:00 [scrapy] DEBUG: Retrying <GET https://www.google.com/search?q=apple&hl=en&gl=DK&start=0> (failed 2 times): Could not open CONNECT tunnel with proxy la.residential.rayobyte.com:8000 [{'status': 407, 'reason': b'Proxy Authentication Required'}]
2023-09-13 13:59:00 [scrapy] DEBUG: Retrying <GET https://www.google.com/search?q=macbook&hl=en&gl=DK&start=0> (failed 2 times): Could not open CONNECT tunnel with proxy la.residential.rayobyte.com:8000 [{'status': 407, 'reason': b'Proxy Authentication Required'}]
2023-09-13 13:59:00 [scrapy] DEBUG: Retrying <GET https://www.google.com/search?q=iphone+14&hl=en&gl=DK&start=0> (failed 2 times): Could not open CONNECT tunnel with proxy la.residential.rayobyte.com:8000 [{'status': 407, 'reason': b'Proxy Authentication Required'}]
2023-09-13 13:59:00 [scrapy] ERROR: Gave up retrying <GET https://www.google.com/search?q=&hl=en&gl=DK&start=0> (failed 3 times): Could not open CONNECT tunnel with proxy la.residential.rayobyte.com:8000 [{'status': 407, 'reason': b'Proxy Authentication Required'}]
2023-09-13 13:59:00 [scrapy] ERROR: Gave up retrying <GET https://www.google.com/search?q=ps5&hl=en&gl=DK&start=0> (failed 3 times): Could not open CONNECT tunnel with proxy la.residential.rayobyte.com:8000 [{'status': 407, 'reason': b'Proxy Authentication Required'}]
2023-09-13 13:59:00 [scrapy] ERROR: Gave up retrying <GET https://www.google.com/search?q=iphone+13&hl=en&gl=DK&start=0> (failed 3 times): Could not open CONNECT tunnel with proxy la.residential.rayobyte.com:8000 [{'status': 407, 'reason': b'Proxy Authentication Required'}]
2023-09-13 13:59:00 [scrapy] ERROR: Gave up retrying <GET https://www.google.com/search?q=macbook&hl=en&gl=DK&start=0> (failed 3 times): Could not open CONNECT tunnel with proxy la.residential.rayobyte.com:8000 [{'status': 407, 'reason': b'Proxy Authentication Required'}]
2023-09-13 13:59:00 [scrapy] ERROR: Gave up retrying <GET https://www.google.com/search?q=apple&hl=en&gl=DK&start=0> (failed 3 times): Could not open CONNECT tunnel with proxy la.residential.rayobyte.com:8000 [{'status': 407, 'reason': b'Proxy Authentication Required'}]
2023-09-13 13:59:00 [scrapy] ERROR: Gave up retrying <GET https://www.google.com/search?q=iphone+14&hl=en&gl=DK&start=0> (failed 3 times): Could not open CONNECT tunnel with proxy la.residential.rayobyte.com:8000 [{'status': 407, 'reason': b'Proxy Authentication Required'}]
2023-09-13 13:59:00 [scrapy] ERROR: Error downloading <GET https://www.google.com/search?q=&hl=en&gl=DK&start=0>
Traceback (most recent call last):
  File "C:\Users\Muhammad Umer\AppData\Local\Programs\Python\Python311\Lib\site-packages\scrapy\core\downloader\middleware.py", line 52, in process_request
    return (yield download_func(request=request, spider=spider))
scrapy.core.downloader.handlers.http11.TunnelError: Could not open CONNECT tunnel with proxy la.residential.rayobyte.com:8000 [{'status': 407, 'reason': b'Proxy Authentication Required'}]
2023-09-13 13:59:00 [scrapy] ERROR: Error downloading <GET https://www.google.com/search?q=ps5&hl=en&gl=DK&start=0>
Traceback (most recent call last):
  File "C:\Users\Muhammad Umer\AppData\Local\Programs\Python\Python311\Lib\site-packages\scrapy\core\downloader\middleware.py", line 52, in process_request
    return (yield download_func(request=request, spider=spider))
scrapy.core.downloader.handlers.http11.TunnelError: Could not open CONNECT tunnel with proxy la.residential.rayobyte.com:8000 [{'status': 407, 'reason': b'Proxy Authentication Required'}]
2023-09-13 13:59:00 [scrapy] ERROR: Error downloading <GET https://www.google.com/search?q=iphone+13&hl=en&gl=DK&start=0>
Traceback (most recent call last):
  File "C:\Users\Muhammad Umer\AppData\Local\Programs\Python\Python311\Lib\site-packages\scrapy\core\downloader\middleware.py", line 52, in process_request
    return (yield download_func(request=request, spider=spider))
scrapy.core.downloader.handlers.http11.TunnelError: Could not open CONNECT tunnel with proxy la.residential.rayobyte.com:8000 [{'status': 407, 'reason': b'Proxy Authentication Required'}]
2023-09-13 13:59:00 [scrapy] ERROR: Error downloading <GET https://www.google.com/search?q=macbook&hl=en&gl=DK&start=0>
Traceback (most recent call last):
  File "C:\Users\Muhammad Umer\AppData\Local\Programs\Python\Python311\Lib\site-packages\scrapy\core\downloader\middleware.py", line 52, in process_request
    return (yield download_func(request=request, spider=spider))
scrapy.core.downloader.handlers.http11.TunnelError: Could not open CONNECT tunnel with proxy la.residential.rayobyte.com:8000 [{'status': 407, 'reason': b'Proxy Authentication Required'}]
2023-09-13 13:59:00 [scrapy] ERROR: Error downloading <GET https://www.google.com/search?q=apple&hl=en&gl=DK&start=0>
Traceback (most recent call last):
  File "C:\Users\Muhammad Umer\AppData\Local\Programs\Python\Python311\Lib\site-packages\scrapy\core\downloader\middleware.py", line 52, in process_request
    return (yield download_func(request=request, spider=spider))
scrapy.core.downloader.handlers.http11.TunnelError: Could not open CONNECT tunnel with proxy la.residential.rayobyte.com:8000 [{'status': 407, 'reason': b'Proxy Authentication Required'}]
2023-09-13 13:59:00 [scrapy] ERROR: Error downloading <GET https://www.google.com/search?q=iphone+14&hl=en&gl=DK&start=0>
Traceback (most recent call last):
  File "C:\Users\Muhammad Umer\AppData\Local\Programs\Python\Python311\Lib\site-packages\scrapy\core\downloader\middleware.py", line 52, in process_request
    return (yield download_func(request=request, spider=spider))
scrapy.core.downloader.handlers.http11.TunnelError: Could not open CONNECT tunnel with proxy la.residential.rayobyte.com:8000 [{'status': 407, 'reason': b'Proxy Authentication Required'}]
2023-09-13 13:59:00 [scrapy] INFO: Closing spider (finished)
2023-09-13 13:59:00 [scrapy] INFO: Dumping Scrapy stats:
{'downloader/exception_count': 18,
 'downloader/exception_type_count/scrapy.core.downloader.handlers.http11.TunnelError': 18,
 'downloader/request_bytes': 7533,
 'downloader/request_count': 18,
 'downloader/request_method_count/GET': 18,
 'elapsed_time_seconds': 2.156227,
 'finish_reason': 'finished',
 'finish_time': datetime.datetime(2023, 9, 13, 8, 59, 0, 834249),
 'log_count/DEBUG': 12,
 'log_count/ERROR': 12,
 'log_count/INFO': 8,
 'retry/count': 12,
 'retry/max_reached': 6,
 'retry/reason_count/scrapy.core.downloader.handlers.http11.TunnelError': 12,
 'scheduler/dequeued': 18,
 'scheduler/dequeued/memory': 18,
 'scheduler/enqueued': 18,
 'scheduler/enqueued/memory': 18,
 'start_time': datetime.datetime(2023, 9, 13, 8, 58, 58, 678022)}
2023-09-13 13:59:00 [scrapy] INFO: Spider closed (finished)
