2023-09-08 07:15:23 [scrapy] DEBUG: Crawled (200) <GET https://www.google.com/search?q=iphone+13&hl=en&gl=PK&start=0> (referer: None)
2023-09-08 07:15:23 [scrapy] INFO: Closing spider (finished)
2023-09-08 07:15:23 [scrapy] INFO: Dumping Scrapy stats:
{'downloader/request_bytes': 422,
 'downloader/request_count': 1,
 'downloader/request_method_count/GET': 1,
 'downloader/response_bytes': 155546,
 'downloader/response_count': 1,
 'downloader/response_status_count/200': 1,
 'elapsed_time_seconds': 3.939671,
 'finish_reason': 'finished',
 'finish_time': datetime.datetime(2023, 9, 8, 2, 15, 23, 206881),
 'httpcompression/response_bytes': 579575,
 'httpcompression/response_count': 1,
 'log_count/DEBUG': 1,
 'log_count/INFO': 8,
 'response_received_count': 1,
 'scheduler/dequeued': 1,
 'scheduler/dequeued/memory': 1,
 'scheduler/enqueued': 1,
 'scheduler/enqueued/memory': 1,
 'start_time': datetime.datetime(2023, 9, 8, 2, 15, 19, 267210)}
2023-09-08 07:15:23 [scrapy] INFO: Spider closed (finished)
